-------------------------------------------------------------------------------
Test set: org.antlr.v4.test.tool.TestPerformance
-------------------------------------------------------------------------------
Tests run: 2, Failures: 1, Errors: 0, Skipped: 0, Time elapsed: 0.501 sec <<< FAILURE! - in org.antlr.v4.test.tool.TestPerformance
compileJdk(org.antlr.v4.test.tool.TestPerformance)  Time elapsed: 0.001 sec  <<< FAILURE!
java.lang.AssertionError: The JDK_SOURCE_ROOT environment variable must be set for performance testing.
	at org.junit.Assert.fail(Assert.java:89)
	at org.junit.Assert.assertTrue(Assert.java:42)
	at org.antlr.v4.test.tool.TestPerformance.compileJdk(TestPerformance.java:430)

