-------------------------------------------------------------------------------
Test set: org.antlr.v4.test.tool.TestDollarParser
-------------------------------------------------------------------------------
Tests run: 1, Failures: 1, Errors: 0, Skipped: 0, Time elapsed: 0 sec <<< FAILURE! - in org.antlr.v4.test.tool.TestDollarParser
testSimpleCall(org.antlr.v4.test.tool.TestDollarParser)  Time elapsed: 0 sec  <<< FAILURE!
java.lang.AssertionError: null
	at org.junit.Assert.fail(Assert.java:87)
	at org.junit.Assert.assertTrue(Assert.java:42)
	at org.junit.Assert.assertTrue(Assert.java:53)
	at org.antlr.v4.test.tool.BaseTest.execParser(BaseTest.java:725)
	at org.antlr.v4.test.tool.BaseTest.execParser(BaseTest.java:708)
	at org.antlr.v4.test.tool.TestDollarParser.testSimpleCall(TestDollarParser.java:22)

