-------------------------------------------------------------------------------
Test set: org.antlr.v4.test.tool.TestParserProfiler
-------------------------------------------------------------------------------
Tests run: 10, Failures: 1, Errors: 0, Skipped: 0, Time elapsed: 0.067 sec <<< FAILURE! - in org.antlr.v4.test.tool.TestParserProfiler
testProfilerGeneratedCode(org.antlr.v4.test.tool.TestParserProfiler)  Time elapsed: 0.015 sec  <<< FAILURE!
java.lang.AssertionError: null
	at org.junit.Assert.fail(Assert.java:87)
	at org.junit.Assert.assertTrue(Assert.java:42)
	at org.junit.Assert.assertTrue(Assert.java:53)
	at org.antlr.v4.test.tool.BaseTest.execParser(BaseTest.java:725)
	at org.antlr.v4.test.tool.TestParserProfiler.testProfilerGeneratedCode(TestParserProfiler.java:223)

