-------------------------------------------------------------------------------
Test set: org.antlr.v4.test.runtime.TestListeners
-------------------------------------------------------------------------------
Tests run: 7, Failures: 7, Errors: 0, Skipped: 0, Time elapsed: 0.691 sec <<< FAILURE! - in org.antlr.v4.test.runtime.TestListeners
testBasic(org.antlr.v4.test.runtime.TestListeners)  Time elapsed: 0.479 sec  <<< FAILURE!
java.lang.AssertionError: null
	at org.junit.Assert.fail(Assert.java:87)
	at org.junit.Assert.assertTrue(Assert.java:42)
	at org.junit.Assert.assertTrue(Assert.java:53)
	at org.antlr.v4.test.tool.BaseTest.execParser(BaseTest.java:725)
	at org.antlr.v4.test.tool.BaseTest.execParser(BaseTest.java:708)
	at org.antlr.v4.test.runtime.TestListeners.testBasic(TestListeners.java:45)

testLR(org.antlr.v4.test.runtime.TestListeners)  Time elapsed: 0.053 sec  <<< FAILURE!
java.lang.AssertionError: null
	at org.junit.Assert.fail(Assert.java:87)
	at org.junit.Assert.assertTrue(Assert.java:42)
	at org.junit.Assert.assertTrue(Assert.java:53)
	at org.antlr.v4.test.tool.BaseTest.execParser(BaseTest.java:725)
	at org.antlr.v4.test.tool.BaseTest.execParser(BaseTest.java:708)
	at org.antlr.v4.test.runtime.TestListeners.testLR(TestListeners.java:93)

testLRWithLabels(org.antlr.v4.test.runtime.TestListeners)  Time elapsed: 0.044 sec  <<< FAILURE!
java.lang.AssertionError: null
	at org.junit.Assert.fail(Assert.java:87)
	at org.junit.Assert.assertTrue(Assert.java:42)
	at org.junit.Assert.assertTrue(Assert.java:53)
	at org.antlr.v4.test.tool.BaseTest.execParser(BaseTest.java:725)
	at org.antlr.v4.test.tool.BaseTest.execParser(BaseTest.java:708)
	at org.antlr.v4.test.runtime.TestListeners.testLRWithLabels(TestListeners.java:143)

testRuleGetters_1(org.antlr.v4.test.runtime.TestListeners)  Time elapsed: 0.032 sec  <<< FAILURE!
java.lang.AssertionError: null
	at org.junit.Assert.fail(Assert.java:87)
	at org.junit.Assert.assertTrue(Assert.java:42)
	at org.junit.Assert.assertTrue(Assert.java:53)
	at org.antlr.v4.test.tool.BaseTest.execParser(BaseTest.java:725)
	at org.antlr.v4.test.tool.BaseTest.execParser(BaseTest.java:708)
	at org.antlr.v4.test.runtime.TestListeners.testRuleGetters_1(TestListeners.java:193)

testRuleGetters_2(org.antlr.v4.test.runtime.TestListeners)  Time elapsed: 0.03 sec  <<< FAILURE!
java.lang.AssertionError: null
	at org.junit.Assert.fail(Assert.java:87)
	at org.junit.Assert.assertTrue(Assert.java:42)
	at org.junit.Assert.assertTrue(Assert.java:53)
	at org.antlr.v4.test.tool.BaseTest.execParser(BaseTest.java:725)
	at org.antlr.v4.test.tool.BaseTest.execParser(BaseTest.java:708)
	at org.antlr.v4.test.runtime.TestListeners.testRuleGetters_2(TestListeners.java:240)

testTokenGetters_1(org.antlr.v4.test.runtime.TestListeners)  Time elapsed: 0.027 sec  <<< FAILURE!
java.lang.AssertionError: null
	at org.junit.Assert.fail(Assert.java:87)
	at org.junit.Assert.assertTrue(Assert.java:42)
	at org.junit.Assert.assertTrue(Assert.java:53)
	at org.antlr.v4.test.tool.BaseTest.execParser(BaseTest.java:725)
	at org.antlr.v4.test.tool.BaseTest.execParser(BaseTest.java:708)
	at org.antlr.v4.test.runtime.TestListeners.testTokenGetters_1(TestListeners.java:286)

testTokenGetters_2(org.antlr.v4.test.runtime.TestListeners)  Time elapsed: 0.026 sec  <<< FAILURE!
java.lang.AssertionError: null
	at org.junit.Assert.fail(Assert.java:87)
	at org.junit.Assert.assertTrue(Assert.java:42)
	at org.junit.Assert.assertTrue(Assert.java:53)
	at org.antlr.v4.test.tool.BaseTest.execParser(BaseTest.java:725)
	at org.antlr.v4.test.tool.BaseTest.execParser(BaseTest.java:708)
	at org.antlr.v4.test.runtime.TestListeners.testTokenGetters_2(TestListeners.java:332)

