-------------------------------------------------------------------------------
Test set: org.antlr.v4.test.tool.TestListeners
-------------------------------------------------------------------------------
Tests run: 5, Failures: 5, Errors: 0, Skipped: 0, Time elapsed: 0.047 sec <<< FAILURE! - in org.antlr.v4.test.tool.TestListeners
testRuleGetters(org.antlr.v4.test.tool.TestListeners)  Time elapsed: 0 sec  <<< FAILURE!
java.lang.AssertionError: null
	at org.junit.Assert.fail(Assert.java:87)
	at org.junit.Assert.assertTrue(Assert.java:42)
	at org.junit.Assert.assertTrue(Assert.java:53)
	at org.antlr.v4.test.tool.BaseTest.execParser(BaseTest.java:725)
	at org.antlr.v4.test.tool.BaseTest.execParser(BaseTest.java:708)
	at org.antlr.v4.test.tool.TestListeners.testRuleGetters(TestListeners.java:112)

testBasic(org.antlr.v4.test.tool.TestListeners)  Time elapsed: 0 sec  <<< FAILURE!
java.lang.AssertionError: null
	at org.junit.Assert.fail(Assert.java:87)
	at org.junit.Assert.assertTrue(Assert.java:42)
	at org.junit.Assert.assertTrue(Assert.java:53)
	at org.antlr.v4.test.tool.BaseTest.execParser(BaseTest.java:725)
	at org.antlr.v4.test.tool.BaseTest.execParser(BaseTest.java:708)
	at org.antlr.v4.test.tool.TestListeners.testBasic(TestListeners.java:39)

testLR(org.antlr.v4.test.tool.TestListeners)  Time elapsed: 0.008 sec  <<< FAILURE!
java.lang.AssertionError: null
	at org.junit.Assert.fail(Assert.java:87)
	at org.junit.Assert.assertTrue(Assert.java:42)
	at org.junit.Assert.assertTrue(Assert.java:53)
	at org.antlr.v4.test.tool.BaseTest.execParser(BaseTest.java:725)
	at org.antlr.v4.test.tool.BaseTest.execParser(BaseTest.java:708)
	at org.antlr.v4.test.tool.TestListeners.testLR(TestListeners.java:153)

testTokenGetters(org.antlr.v4.test.tool.TestListeners)  Time elapsed: 0.027 sec  <<< FAILURE!
java.lang.AssertionError: null
	at org.junit.Assert.fail(Assert.java:87)
	at org.junit.Assert.assertTrue(Assert.java:42)
	at org.junit.Assert.assertTrue(Assert.java:53)
	at org.antlr.v4.test.tool.BaseTest.execParser(BaseTest.java:725)
	at org.antlr.v4.test.tool.BaseTest.execParser(BaseTest.java:708)
	at org.antlr.v4.test.tool.TestListeners.testTokenGetters(TestListeners.java:71)

testLRWithLabels(org.antlr.v4.test.tool.TestListeners)  Time elapsed: 0.012 sec  <<< FAILURE!
java.lang.AssertionError: null
	at org.junit.Assert.fail(Assert.java:87)
	at org.junit.Assert.assertTrue(Assert.java:42)
	at org.junit.Assert.assertTrue(Assert.java:53)
	at org.antlr.v4.test.tool.BaseTest.execParser(BaseTest.java:725)
	at org.antlr.v4.test.tool.BaseTest.execParser(BaseTest.java:708)
	at org.antlr.v4.test.tool.TestListeners.testLRWithLabels(TestListeners.java:193)

