-------------------------------------------------------------------------------
Test set: org.antlr.v4.test.runtime.TestCompositeLexers
-------------------------------------------------------------------------------
Tests run: 2, Failures: 2, Errors: 0, Skipped: 0, Time elapsed: 0.016 sec <<< FAILURE! - in org.antlr.v4.test.runtime.TestCompositeLexers
testLexerDelegatorInvokesDelegateRule(org.antlr.v4.test.runtime.TestCompositeLexers)  Time elapsed: 0 sec  <<< FAILURE!
java.lang.AssertionError: null
	at org.junit.Assert.fail(Assert.java:87)
	at org.junit.Assert.assertTrue(Assert.java:42)
	at org.junit.Assert.assertTrue(Assert.java:53)
	at org.antlr.v4.test.tool.BaseTest.execLexer(BaseTest.java:629)
	at org.antlr.v4.test.runtime.TestCompositeLexers.testLexerDelegatorInvokesDelegateRule(TestCompositeLexers.java:29)

testLexerDelegatorRuleOverridesDelegate(org.antlr.v4.test.runtime.TestCompositeLexers)  Time elapsed: 0.016 sec  <<< FAILURE!
java.lang.AssertionError: null
	at org.junit.Assert.fail(Assert.java:87)
	at org.junit.Assert.assertTrue(Assert.java:42)
	at org.junit.Assert.assertTrue(Assert.java:53)
	at org.antlr.v4.test.tool.BaseTest.execLexer(BaseTest.java:629)
	at org.antlr.v4.test.runtime.TestCompositeLexers.testLexerDelegatorRuleOverridesDelegate(TestCompositeLexers.java:58)

