-------------------------------------------------------------------------------
Test set: org.antlr.v4.test.tool.TestParseErrors
-------------------------------------------------------------------------------
Tests run: 30, Failures: 30, Errors: 0, Skipped: 0, Time elapsed: 0.325 sec <<< FAILURE! - in org.antlr.v4.test.tool.TestParseErrors
testSingleTokenDeletionBeforeLoop(org.antlr.v4.test.tool.TestParseErrors)  Time elapsed: 0.007 sec  <<< FAILURE!
java.lang.AssertionError: null
	at org.junit.Assert.fail(Assert.java:87)
	at org.junit.Assert.assertTrue(Assert.java:42)
	at org.junit.Assert.assertTrue(Assert.java:53)
	at org.antlr.v4.test.tool.BaseTest.execParser(BaseTest.java:725)
	at org.antlr.v4.test.tool.BaseTest.execParser(BaseTest.java:708)
	at org.antlr.v4.test.tool.TestParseErrors.testSingleTokenDeletionBeforeLoop(TestParseErrors.java:130)

testConjuringUpToken(org.antlr.v4.test.tool.TestParseErrors)  Time elapsed: 0.011 sec  <<< FAILURE!
java.lang.AssertionError: null
	at org.junit.Assert.fail(Assert.java:87)
	at org.junit.Assert.assertTrue(Assert.java:42)
	at org.junit.Assert.assertTrue(Assert.java:53)
	at org.antlr.v4.test.tool.BaseTest.execParser(BaseTest.java:725)
	at org.antlr.v4.test.tool.BaseTest.execParser(BaseTest.java:708)
	at org.antlr.v4.test.tool.TestParseErrors.testConjuringUpToken(TestParseErrors.java:62)

testInvalidEmptyInput(org.antlr.v4.test.tool.TestParseErrors)  Time elapsed: 0.012 sec  <<< FAILURE!
java.lang.AssertionError: null
	at org.junit.Assert.fail(Assert.java:87)
	at org.junit.Assert.assertTrue(Assert.java:42)
	at org.junit.Assert.assertTrue(Assert.java:53)
	at org.antlr.v4.test.tool.BaseTest.execParser(BaseTest.java:725)
	at org.antlr.v4.test.tool.BaseTest.execParser(BaseTest.java:708)
	at org.antlr.v4.test.tool.TestParseErrors.testInvalidEmptyInput(TestParseErrors.java:250)

testSingleTokenDeletionBeforeLoop2(org.antlr.v4.test.tool.TestParseErrors)  Time elapsed: 0.01 sec  <<< FAILURE!
java.lang.AssertionError: null
	at org.junit.Assert.fail(Assert.java:87)
	at org.junit.Assert.assertTrue(Assert.java:42)
	at org.junit.Assert.assertTrue(Assert.java:53)
	at org.antlr.v4.test.tool.BaseTest.execParser(BaseTest.java:725)
	at org.antlr.v4.test.tool.BaseTest.execParser(BaseTest.java:708)
	at org.antlr.v4.test.tool.TestParseErrors.testSingleTokenDeletionBeforeLoop2(TestParseErrors.java:177)

testLL2(org.antlr.v4.test.tool.TestParseErrors)  Time elapsed: 0.01 sec  <<< FAILURE!
java.lang.AssertionError: null
	at org.junit.Assert.fail(Assert.java:87)
	at org.junit.Assert.assertTrue(Assert.java:42)
	at org.junit.Assert.assertTrue(Assert.java:53)
	at org.antlr.v4.test.tool.BaseTest.execParser(BaseTest.java:725)
	at org.antlr.v4.test.tool.BaseTest.execParser(BaseTest.java:708)
	at org.antlr.v4.test.tool.TestParseErrors.testLL2(TestParseErrors.java:93)

testLL3(org.antlr.v4.test.tool.TestParseErrors)  Time elapsed: 0.009 sec  <<< FAILURE!
java.lang.AssertionError: null
	at org.junit.Assert.fail(Assert.java:87)
	at org.junit.Assert.assertTrue(Assert.java:42)
	at org.junit.Assert.assertTrue(Assert.java:53)
	at org.antlr.v4.test.tool.BaseTest.execParser(BaseTest.java:725)
	at org.antlr.v4.test.tool.BaseTest.execParser(BaseTest.java:708)
	at org.antlr.v4.test.tool.TestParseErrors.testLL3(TestParseErrors.java:107)

testSingleTokenDeletionConsumption(org.antlr.v4.test.tool.TestParseErrors)  Time elapsed: 0.01 sec  <<< FAILURE!
java.lang.AssertionError: null
	at org.junit.Assert.fail(Assert.java:87)
	at org.junit.Assert.assertTrue(Assert.java:42)
	at org.junit.Assert.assertTrue(Assert.java:53)
	at org.antlr.v4.test.tool.BaseTest.execParser(BaseTest.java:725)
	at org.antlr.v4.test.tool.BaseTest.execParser(BaseTest.java:708)
	at org.antlr.v4.test.tool.TestParseErrors.testSingleTokenDeletionConsumption(TestParseErrors.java:389)

testSingleTokenDeletionExpectingSet(org.antlr.v4.test.tool.TestParseErrors)  Time elapsed: 0.008 sec  <<< FAILURE!
java.lang.AssertionError: null
	at org.junit.Assert.fail(Assert.java:87)
	at org.junit.Assert.assertTrue(Assert.java:42)
	at org.junit.Assert.assertTrue(Assert.java:53)
	at org.antlr.v4.test.tool.BaseTest.execParser(BaseTest.java:725)
	at org.antlr.v4.test.tool.BaseTest.execParser(BaseTest.java:708)
	at org.antlr.v4.test.tool.TestParseErrors.testSingleTokenDeletionExpectingSet(TestParseErrors.java:42)

testSingleSetInsertion(org.antlr.v4.test.tool.TestParseErrors)  Time elapsed: 0.009 sec  <<< FAILURE!
java.lang.AssertionError: null
	at org.junit.Assert.fail(Assert.java:87)
	at org.junit.Assert.assertTrue(Assert.java:42)
	at org.junit.Assert.assertTrue(Assert.java:53)
	at org.antlr.v4.test.tool.BaseTest.execParser(BaseTest.java:725)
	at org.antlr.v4.test.tool.BaseTest.execParser(BaseTest.java:708)
	at org.antlr.v4.test.tool.TestParseErrors.testSingleSetInsertion(TestParseErrors.java:71)

testSingleTokenDeletionDuringLoop2(org.antlr.v4.test.tool.TestParseErrors)  Time elapsed: 0.017 sec  <<< FAILURE!
java.lang.AssertionError: null
	at org.junit.Assert.fail(Assert.java:87)
	at org.junit.Assert.assertTrue(Assert.java:42)
	at org.junit.Assert.assertTrue(Assert.java:53)
	at org.antlr.v4.test.tool.BaseTest.execParser(BaseTest.java:725)
	at org.antlr.v4.test.tool.BaseTest.execParser(BaseTest.java:708)
	at org.antlr.v4.test.tool.TestParseErrors.testSingleTokenDeletionDuringLoop2(TestParseErrors.java:200)

testMultiTokenDeletionDuringLoop(org.antlr.v4.test.tool.TestParseErrors)  Time elapsed: 0.007 sec  <<< FAILURE!
java.lang.AssertionError: null
	at org.junit.Assert.fail(Assert.java:87)
	at org.junit.Assert.assertTrue(Assert.java:42)
	at org.junit.Assert.assertTrue(Assert.java:53)
	at org.antlr.v4.test.tool.BaseTest.execParser(BaseTest.java:725)
	at org.antlr.v4.test.tool.BaseTest.execParser(BaseTest.java:708)
	at org.antlr.v4.test.tool.TestParseErrors.testMultiTokenDeletionDuringLoop(TestParseErrors.java:163)

testTokenMismatch(org.antlr.v4.test.tool.TestParseErrors)  Time elapsed: 0.013 sec  <<< FAILURE!
java.lang.AssertionError: null
	at org.junit.Assert.fail(Assert.java:87)
	at org.junit.Assert.assertTrue(Assert.java:42)
	at org.junit.Assert.assertTrue(Assert.java:53)
	at org.antlr.v4.test.tool.BaseTest.execParser(BaseTest.java:725)
	at org.antlr.v4.test.tool.BaseTest.execParser(BaseTest.java:708)
	at org.antlr.v4.test.tool.TestParseErrors.testTokenMismatch(TestParseErrors.java:22)

testConjuringUpTokenFromSet(org.antlr.v4.test.tool.TestParseErrors)  Time elapsed: 0.009 sec  <<< FAILURE!
java.lang.AssertionError: null
	at org.junit.Assert.fail(Assert.java:87)
	at org.junit.Assert.assertTrue(Assert.java:42)
	at org.junit.Assert.assertTrue(Assert.java:53)
	at org.antlr.v4.test.tool.BaseTest.execParser(BaseTest.java:725)
	at org.antlr.v4.test.tool.BaseTest.execParser(BaseTest.java:708)
	at org.antlr.v4.test.tool.TestParseErrors.testConjuringUpTokenFromSet(TestParseErrors.java:81)

testConflictingAltAnalysis(org.antlr.v4.test.tool.TestParseErrors)  Time elapsed: 0.009 sec  <<< FAILURE!
java.lang.AssertionError: null
	at org.junit.Assert.fail(Assert.java:87)
	at org.junit.Assert.assertTrue(Assert.java:42)
	at org.junit.Assert.assertTrue(Assert.java:53)
	at org.antlr.v4.test.tool.BaseTest.execParser(BaseTest.java:725)
	at org.antlr.v4.test.tool.BaseTest.execParser(BaseTest.java:708)
	at org.antlr.v4.test.tool.TestParseErrors.testConflictingAltAnalysis(TestParseErrors.java:331)

testLL1ErrorInfo(org.antlr.v4.test.tool.TestParseErrors)  Time elapsed: 0.009 sec  <<< FAILURE!
java.lang.AssertionError: null
	at org.junit.Assert.fail(Assert.java:87)
	at org.junit.Assert.assertTrue(Assert.java:42)
	at org.junit.Assert.assertTrue(Assert.java:53)
	at org.antlr.v4.test.tool.BaseTest.execParser(BaseTest.java:725)
	at org.antlr.v4.test.tool.BaseTest.execParser(BaseTest.java:708)
	at org.antlr.v4.test.tool.TestParseErrors.testLL1ErrorInfo(TestParseErrors.java:234)

testMultiTokenDeletionBeforeLoop(org.antlr.v4.test.tool.TestParseErrors)  Time elapsed: 0.012 sec  <<< FAILURE!
java.lang.AssertionError: null
	at org.junit.Assert.fail(Assert.java:87)
	at org.junit.Assert.assertTrue(Assert.java:42)
	at org.junit.Assert.assertTrue(Assert.java:53)
	at org.antlr.v4.test.tool.BaseTest.execParser(BaseTest.java:725)
	at org.antlr.v4.test.tool.BaseTest.execParser(BaseTest.java:708)
	at org.antlr.v4.test.tool.TestParseErrors.testMultiTokenDeletionBeforeLoop(TestParseErrors.java:142)

testContextListGetters(org.antlr.v4.test.tool.TestParseErrors)  Time elapsed: 0.01 sec  <<< FAILURE!
java.lang.AssertionError: null
	at org.junit.Assert.fail(Assert.java:87)
	at org.junit.Assert.assertTrue(Assert.java:42)
	at org.junit.Assert.assertTrue(Assert.java:53)
	at org.antlr.v4.test.tool.BaseTest.execParser(BaseTest.java:725)
	at org.antlr.v4.test.tool.BaseTest.execParser(BaseTest.java:708)
	at org.antlr.v4.test.tool.TestParseErrors.testContextListGetters(TestParseErrors.java:275)

testSingleTokenDeletion(org.antlr.v4.test.tool.TestParseErrors)  Time elapsed: 0.007 sec  <<< FAILURE!
java.lang.AssertionError: null
	at org.junit.Assert.fail(Assert.java:87)
	at org.junit.Assert.assertTrue(Assert.java:42)
	at org.junit.Assert.assertTrue(Assert.java:53)
	at org.antlr.v4.test.tool.BaseTest.execParser(BaseTest.java:725)
	at org.antlr.v4.test.tool.BaseTest.execParser(BaseTest.java:708)
	at org.antlr.v4.test.tool.TestParseErrors.testSingleTokenDeletion(TestParseErrors.java:32)

testMultiTokenDeletionBeforeLoop2(org.antlr.v4.test.tool.TestParseErrors)  Time elapsed: 0.009 sec  <<< FAILURE!
java.lang.AssertionError: null
	at org.junit.Assert.fail(Assert.java:87)
	at org.junit.Assert.assertTrue(Assert.java:42)
	at org.junit.Assert.assertTrue(Assert.java:53)
	at org.antlr.v4.test.tool.BaseTest.execParser(BaseTest.java:725)
	at org.antlr.v4.test.tool.BaseTest.execParser(BaseTest.java:708)
	at org.antlr.v4.test.tool.TestParseErrors.testMultiTokenDeletionBeforeLoop2(TestParseErrors.java:189)

testSingleSetInsertionConsumption(org.antlr.v4.test.tool.TestParseErrors)  Time elapsed: 0.013 sec  <<< FAILURE!
java.lang.AssertionError: null
	at org.junit.Assert.fail(Assert.java:87)
	at org.junit.Assert.assertTrue(Assert.java:42)
	at org.junit.Assert.assertTrue(Assert.java:53)
	at org.antlr.v4.test.tool.BaseTest.execParser(BaseTest.java:725)
	at org.antlr.v4.test.tool.BaseTest.execParser(BaseTest.java:708)
	at org.antlr.v4.test.tool.TestParseErrors.testSingleSetInsertionConsumption(TestParseErrors.java:400)

testMultiTokenDeletionDuringLoop2(org.antlr.v4.test.tool.TestParseErrors)  Time elapsed: 0.008 sec  <<< FAILURE!
java.lang.AssertionError: null
	at org.junit.Assert.fail(Assert.java:87)
	at org.junit.Assert.assertTrue(Assert.java:42)
	at org.junit.Assert.assertTrue(Assert.java:53)
	at org.antlr.v4.test.tool.BaseTest.execParser(BaseTest.java:725)
	at org.antlr.v4.test.tool.BaseTest.execParser(BaseTest.java:708)
	at org.antlr.v4.test.tool.TestParseErrors.testMultiTokenDeletionDuringLoop2(TestParseErrors.java:210)

testInvalidATNStateRemoval(org.antlr.v4.test.tool.TestParseErrors)  Time elapsed: 0.01 sec  <<< FAILURE!
java.lang.AssertionError: null
	at org.junit.Assert.fail(Assert.java:87)
	at org.junit.Assert.assertTrue(Assert.java:42)
	at org.junit.Assert.assertTrue(Assert.java:53)
	at org.antlr.v4.test.tool.BaseTest.execParser(BaseTest.java:725)
	at org.antlr.v4.test.tool.BaseTest.execParser(BaseTest.java:708)
	at org.antlr.v4.test.tool.TestParseErrors.testInvalidATNStateRemoval(TestParseErrors.java:357)

testLLStar(org.antlr.v4.test.tool.TestParseErrors)  Time elapsed: 0.011 sec  <<< FAILURE!
java.lang.AssertionError: null
	at org.junit.Assert.fail(Assert.java:87)
	at org.junit.Assert.assertTrue(Assert.java:42)
	at org.junit.Assert.assertTrue(Assert.java:53)
	at org.antlr.v4.test.tool.BaseTest.execParser(BaseTest.java:725)
	at org.antlr.v4.test.tool.BaseTest.execParser(BaseTest.java:708)
	at org.antlr.v4.test.tool.TestParseErrors.testLLStar(TestParseErrors.java:120)

testNoViableAltAvoidance(org.antlr.v4.test.tool.TestParseErrors)  Time elapsed: 0.025 sec  <<< FAILURE!
java.lang.AssertionError: null
	at org.junit.Assert.fail(Assert.java:87)
	at org.junit.Assert.assertTrue(Assert.java:42)
	at org.junit.Assert.assertTrue(Assert.java:53)
	at org.antlr.v4.test.tool.BaseTest.execParser(BaseTest.java:725)
	at org.antlr.v4.test.tool.BaseTest.execParser(BaseTest.java:708)
	at org.antlr.v4.test.tool.TestParseErrors.testNoViableAltAvoidance(TestParseErrors.java:376)

testSingleTokenDeletionDuringLoop(org.antlr.v4.test.tool.TestParseErrors)  Time elapsed: 0.009 sec  <<< FAILURE!
java.lang.AssertionError: null
	at org.junit.Assert.fail(Assert.java:87)
	at org.junit.Assert.assertTrue(Assert.java:42)
	at org.junit.Assert.assertTrue(Assert.java:53)
	at org.antlr.v4.test.tool.BaseTest.execParser(BaseTest.java:725)
	at org.antlr.v4.test.tool.BaseTest.execParser(BaseTest.java:708)
	at org.antlr.v4.test.tool.TestParseErrors.testSingleTokenDeletionDuringLoop(TestParseErrors.java:153)

testSingleTokenInsertion(org.antlr.v4.test.tool.TestParseErrors)  Time elapsed: 0.011 sec  <<< FAILURE!
java.lang.AssertionError: null
	at org.junit.Assert.fail(Assert.java:87)
	at org.junit.Assert.assertTrue(Assert.java:42)
	at org.junit.Assert.assertTrue(Assert.java:53)
	at org.antlr.v4.test.tool.BaseTest.execParser(BaseTest.java:725)
	at org.antlr.v4.test.tool.BaseTest.execParser(BaseTest.java:708)
	at org.antlr.v4.test.tool.TestParseErrors.testSingleTokenInsertion(TestParseErrors.java:52)

testDuplicatedLeftRecursiveCall1(org.antlr.v4.test.tool.TestParseErrors)  Time elapsed: 0.017 sec  <<< FAILURE!
java.lang.AssertionError: null
	at org.junit.Assert.fail(Assert.java:87)
	at org.junit.Assert.assertTrue(Assert.java:42)
	at org.junit.Assert.assertTrue(Assert.java:53)
	at org.antlr.v4.test.tool.BaseTest.execParser(BaseTest.java:725)
	at org.antlr.v4.test.tool.BaseTest.execParser(BaseTest.java:708)
	at org.antlr.v4.test.tool.TestParseErrors.testDuplicatedLeftRecursiveCall(TestParseErrors.java:293)
	at org.antlr.v4.test.tool.TestParseErrors.testDuplicatedLeftRecursiveCall1(TestParseErrors.java:301)

testDuplicatedLeftRecursiveCall2(org.antlr.v4.test.tool.TestParseErrors)  Time elapsed: 0.012 sec  <<< FAILURE!
java.lang.AssertionError: null
	at org.junit.Assert.fail(Assert.java:87)
	at org.junit.Assert.assertTrue(Assert.java:42)
	at org.junit.Assert.assertTrue(Assert.java:53)
	at org.antlr.v4.test.tool.BaseTest.execParser(BaseTest.java:725)
	at org.antlr.v4.test.tool.BaseTest.execParser(BaseTest.java:708)
	at org.antlr.v4.test.tool.TestParseErrors.testDuplicatedLeftRecursiveCall(TestParseErrors.java:293)
	at org.antlr.v4.test.tool.TestParseErrors.testDuplicatedLeftRecursiveCall2(TestParseErrors.java:306)

testDuplicatedLeftRecursiveCall3(org.antlr.v4.test.tool.TestParseErrors)  Time elapsed: 0.011 sec  <<< FAILURE!
java.lang.AssertionError: null
	at org.junit.Assert.fail(Assert.java:87)
	at org.junit.Assert.assertTrue(Assert.java:42)
	at org.junit.Assert.assertTrue(Assert.java:53)
	at org.antlr.v4.test.tool.BaseTest.execParser(BaseTest.java:725)
	at org.antlr.v4.test.tool.BaseTest.execParser(BaseTest.java:708)
	at org.antlr.v4.test.tool.TestParseErrors.testDuplicatedLeftRecursiveCall(TestParseErrors.java:293)
	at org.antlr.v4.test.tool.TestParseErrors.testDuplicatedLeftRecursiveCall3(TestParseErrors.java:311)

testDuplicatedLeftRecursiveCall4(org.antlr.v4.test.tool.TestParseErrors)  Time elapsed: 0.009 sec  <<< FAILURE!
java.lang.AssertionError: null
	at org.junit.Assert.fail(Assert.java:87)
	at org.junit.Assert.assertTrue(Assert.java:42)
	at org.junit.Assert.assertTrue(Assert.java:53)
	at org.antlr.v4.test.tool.BaseTest.execParser(BaseTest.java:725)
	at org.antlr.v4.test.tool.BaseTest.execParser(BaseTest.java:708)
	at org.antlr.v4.test.tool.TestParseErrors.testDuplicatedLeftRecursiveCall(TestParseErrors.java:293)
	at org.antlr.v4.test.tool.TestParseErrors.testDuplicatedLeftRecursiveCall4(TestParseErrors.java:316)

