<?xml version="1.0" encoding="UTF-8"?>
<testsuite name="org.antlr.v4.test.tool.TestLexerErrors" time="0.077" tests="10" errors="0" skipped="0" failures="10">
  <properties>
[...]
</properties>
  <testcase name="testInvalidCharInToken" classname="org.antlr.v4.test.tool.TestLexerErrors" time="0.008">
    <failure type="java.lang.AssertionError:">java.lang.AssertionError: null
	at org.junit.Assert.fail(Assert.java:87)
	at org.junit.Assert.assertTrue(Assert.java:42)
	at org.junit.Assert.assertTrue(Assert.java:53)
	at org.antlr.v4.test.tool.BaseTest.execLexer(BaseTest.java:629)
	at org.antlr.v4.test.tool.BaseTest.execLexer(BaseTest.java:616)
	at org.antlr.v4.test.tool.TestLexerErrors.testInvalidCharInToken(TestLexerErrors.java:87)
</failure>
    <system-out><![CDATA[dir /var/folders/yr/jljyn54x2_s965_570vvdpqw0000gn/T/TestLexerErrors-1615276646265
]]></system-out>
    <system-err><![CDATA[error: Source option 6 is no longer supported. Use 7 or later.
error: Target option 6 is no longer supported. Use 7 or later.
]]></system-err>
  </testcase>
  <testcase name="testLexerExecDFA" classname="org.antlr.v4.test.tool.TestLexerErrors" time="0.012">
    <failure type="java.lang.AssertionError:">java.lang.AssertionError: null
	at org.junit.Assert.fail(Assert.java:87)
	at org.junit.Assert.assertTrue(Assert.java:42)
	at org.junit.Assert.assertTrue(Assert.java:53)
	at org.antlr.v4.test.tool.BaseTest.execLexer(BaseTest.java:629)
	at org.antlr.v4.test.tool.TestLexerErrors.testLexerExecDFA(TestLexerErrors.java:178)
</failure>
    <system-out><![CDATA[dir /var/folders/yr/jljyn54x2_s965_570vvdpqw0000gn/T/TestLexerErrors-1615276646271
]]></system-out>
    <system-err><![CDATA[error: Source option 6 is no longer supported. Use 7 or later.
error: Target option 6 is no longer supported. Use 7 or later.
]]></system-err>
  </testcase>
  <testcase name="testDFAToATNThatMatchesThenFailsInATN" classname="org.antlr.v4.test.tool.TestLexerErrors" time="0.007">
    <failure type="java.lang.AssertionError:">java.lang.AssertionError: null
	at org.junit.Assert.fail(Assert.java:87)
	at org.junit.Assert.assertTrue(Assert.java:42)
	at org.junit.Assert.assertTrue(Assert.java:53)
	at org.antlr.v4.test.tool.BaseTest.execLexer(BaseTest.java:629)
	at org.antlr.v4.test.tool.BaseTest.execLexer(BaseTest.java:616)
	at org.antlr.v4.test.tool.TestLexerErrors.testDFAToATNThatMatchesThenFailsInATN(TestLexerErrors.java:139)
</failure>
    <system-out><![CDATA[dir /var/folders/yr/jljyn54x2_s965_570vvdpqw0000gn/T/TestLexerErrors-1615276646286
]]></system-out>
    <system-err><![CDATA[error: Source option 6 is no longer supported. Use 7 or later.
error: Target option 6 is no longer supported. Use 7 or later.
]]></system-err>
  </testcase>
  <testcase name="testInvalidCharAtStartAfterDFACache" classname="org.antlr.v4.test.tool.TestLexerErrors" time="0.006">
    <failure type="java.lang.AssertionError:">java.lang.AssertionError: null
	at org.junit.Assert.fail(Assert.java:87)
	at org.junit.Assert.assertTrue(Assert.java:42)
	at org.junit.Assert.assertTrue(Assert.java:53)
	at org.antlr.v4.test.tool.BaseTest.execLexer(BaseTest.java:629)
	at org.antlr.v4.test.tool.BaseTest.execLexer(BaseTest.java:616)
	at org.antlr.v4.test.tool.TestLexerErrors.testInvalidCharAtStartAfterDFACache(TestLexerErrors.java:73)
</failure>
    <system-out><![CDATA[dir /var/folders/yr/jljyn54x2_s965_570vvdpqw0000gn/T/TestLexerErrors-1615276646293
]]></system-out>
    <system-err><![CDATA[error: Source option 6 is no longer supported. Use 7 or later.
error: Target option 6 is no longer supported. Use 7 or later.
]]></system-err>
  </testcase>
  <testcase name="testInvalidCharAtStart" classname="org.antlr.v4.test.tool.TestLexerErrors" time="0.007">
    <failure type="java.lang.AssertionError:">java.lang.AssertionError: null
	at org.junit.Assert.fail(Assert.java:87)
	at org.junit.Assert.assertTrue(Assert.java:42)
	at org.junit.Assert.assertTrue(Assert.java:53)
	at org.antlr.v4.test.tool.BaseTest.execLexer(BaseTest.java:629)
	at org.antlr.v4.test.tool.BaseTest.execLexer(BaseTest.java:616)
	at org.antlr.v4.test.tool.TestLexerErrors.testInvalidCharAtStart(TestLexerErrors.java:20)
</failure>
    <system-out><![CDATA[dir /var/folders/yr/jljyn54x2_s965_570vvdpqw0000gn/T/TestLexerErrors-1615276646299
]]></system-out>
    <system-err><![CDATA[error: Source option 6 is no longer supported. Use 7 or later.
error: Target option 6 is no longer supported. Use 7 or later.
]]></system-err>
  </testcase>
  <testcase name="testDFAToATNThatFailsBackToDFA" classname="org.antlr.v4.test.tool.TestLexerErrors" time="0.005">
    <failure type="java.lang.AssertionError:">java.lang.AssertionError: null
	at org.junit.Assert.fail(Assert.java:87)
	at org.junit.Assert.assertTrue(Assert.java:42)
	at org.junit.Assert.assertTrue(Assert.java:53)
	at org.antlr.v4.test.tool.BaseTest.execLexer(BaseTest.java:629)
	at org.antlr.v4.test.tool.BaseTest.execLexer(BaseTest.java:616)
	at org.antlr.v4.test.tool.TestLexerErrors.testDFAToATNThatFailsBackToDFA(TestLexerErrors.java:118)
</failure>
    <system-out><![CDATA[dir /var/folders/yr/jljyn54x2_s965_570vvdpqw0000gn/T/TestLexerErrors-1615276646306
]]></system-out>
    <system-err><![CDATA[error: Source option 6 is no longer supported. Use 7 or later.
error: Target option 6 is no longer supported. Use 7 or later.
]]></system-err>
  </testcase>
  <testcase name="testStringsEmbeddedInActions" classname="org.antlr.v4.test.tool.TestLexerErrors" time="0.016">
    <failure type="java.lang.AssertionError:">java.lang.AssertionError: null
	at org.junit.Assert.fail(Assert.java:87)
	at org.junit.Assert.assertTrue(Assert.java:42)
	at org.junit.Assert.assertTrue(Assert.java:53)
	at org.antlr.v4.test.tool.BaseTest.execLexer(BaseTest.java:629)
	at org.antlr.v4.test.tool.BaseTest.execLexer(BaseTest.java:616)
	at org.antlr.v4.test.tool.TestLexerErrors.testStringsEmbeddedInActions(TestLexerErrors.java:36)
</failure>
    <system-out><![CDATA[dir /var/folders/yr/jljyn54x2_s965_570vvdpqw0000gn/T/TestLexerErrors-1615276646311
]]></system-out>
    <system-err><![CDATA[error: Source option 6 is no longer supported. Use 7 or later.
error: Target option 6 is no longer supported. Use 7 or later.
]]></system-err>
  </testcase>
  <testcase name="testErrorInMiddle" classname="org.antlr.v4.test.tool.TestLexerErrors" time="0.006">
    <failure type="java.lang.AssertionError:">java.lang.AssertionError: null
	at org.junit.Assert.fail(Assert.java:87)
	at org.junit.Assert.assertTrue(Assert.java:42)
	at org.junit.Assert.assertTrue(Assert.java:53)
	at org.antlr.v4.test.tool.BaseTest.execLexer(BaseTest.java:629)
	at org.antlr.v4.test.tool.BaseTest.execLexer(BaseTest.java:616)
	at org.antlr.v4.test.tool.TestLexerErrors.testErrorInMiddle(TestLexerErrors.java:154)
</failure>
    <system-out><![CDATA[dir /var/folders/yr/jljyn54x2_s965_570vvdpqw0000gn/T/TestLexerErrors-1615276646327
]]></system-out>
    <system-err><![CDATA[error: Source option 6 is no longer supported. Use 7 or later.
error: Target option 6 is no longer supported. Use 7 or later.
]]></system-err>
  </testcase>
  <testcase name="testEnforcedGreedyNestedBrances" classname="org.antlr.v4.test.tool.TestLexerErrors" time="0.005">
    <failure type="java.lang.AssertionError:">java.lang.AssertionError: null
	at org.junit.Assert.fail(Assert.java:87)
	at org.junit.Assert.assertTrue(Assert.java:42)
	at org.junit.Assert.assertTrue(Assert.java:53)
	at org.antlr.v4.test.tool.BaseTest.execLexer(BaseTest.java:629)
	at org.antlr.v4.test.tool.BaseTest.execLexer(BaseTest.java:616)
	at org.antlr.v4.test.tool.TestLexerErrors.testEnforcedGreedyNestedBrances(TestLexerErrors.java:55)
</failure>
    <system-out><![CDATA[dir /var/folders/yr/jljyn54x2_s965_570vvdpqw0000gn/T/TestLexerErrors-1615276646333
]]></system-out>
    <system-err><![CDATA[error: Source option 6 is no longer supported. Use 7 or later.
error: Target option 6 is no longer supported. Use 7 or later.
]]></system-err>
  </testcase>
  <testcase name="testInvalidCharInTokenAfterDFACache" classname="org.antlr.v4.test.tool.TestLexerErrors" time="0.005">
    <failure type="java.lang.AssertionError:">java.lang.AssertionError: null
	at org.junit.Assert.fail(Assert.java:87)
	at org.junit.Assert.assertTrue(Assert.java:42)
	at org.junit.Assert.assertTrue(Assert.java:53)
	at org.antlr.v4.test.tool.BaseTest.execLexer(BaseTest.java:629)
	at org.antlr.v4.test.tool.BaseTest.execLexer(BaseTest.java:616)
	at org.antlr.v4.test.tool.TestLexerErrors.testInvalidCharInTokenAfterDFACache(TestLexerErrors.java:100)
</failure>
    <system-out><![CDATA[dir /var/folders/yr/jljyn54x2_s965_570vvdpqw0000gn/T/TestLexerErrors-1615276646338
]]></system-out>
    <system-err><![CDATA[error: Source option 6 is no longer supported. Use 7 or later.
error: Target option 6 is no longer supported. Use 7 or later.
]]></system-err>
  </testcase>
</testsuite>