<?xml version="1.0" encoding="UTF-8"?>
<testsuite name="org.antlr.v4.test.tool.TestIntervalSet" time="0.002" tests="41" errors="0" skipped="0" failures="0">
  <properties>
[...]
</properties>
  <testcase name="testSubtractOfCompletelyCoveredRange" classname="org.antlr.v4.test.tool.TestIntervalSet" time="0"/>
  <testcase name="testMembership" classname="org.antlr.v4.test.tool.TestIntervalSet" time="0"/>
  <testcase name="testSingleElement" classname="org.antlr.v4.test.tool.TestIntervalSet" time="0"/>
  <testcase name="testNotSetFragmentedVocabulary" classname="org.antlr.v4.test.tool.TestIntervalSet" time="0"/>
  <testcase name="testSimpleAnd" classname="org.antlr.v4.test.tool.TestIntervalSet" time="0"/>
  <testcase name="testNotSetEdgeElement" classname="org.antlr.v4.test.tool.TestIntervalSet" time="0"/>
  <testcase name="testMin" classname="org.antlr.v4.test.tool.TestIntervalSet" time="0"/>
  <testcase name="testComplement" classname="org.antlr.v4.test.tool.TestIntervalSet" time="0"/>
  <testcase name="testSize" classname="org.antlr.v4.test.tool.TestIntervalSet" time="0"/>
  <testcase name="testEmptyIntersection" classname="org.antlr.v4.test.tool.TestIntervalSet" time="0"/>
  <testcase name="testSimpleEquals" classname="org.antlr.v4.test.tool.TestIntervalSet" time="0"/>
  <testcase name="testEmptyIntersectionSingleElements" classname="org.antlr.v4.test.tool.TestIntervalSet" time="0"/>
  <testcase name="testMergeOfRangesAndSingleValues" classname="org.antlr.v4.test.tool.TestIntervalSet" time="0"/>
  <testcase name="testIsolatedElements" classname="org.antlr.v4.test.tool.TestIntervalSet" time="0"/>
  <testcase name="testSingleElementMinusDisjointSet" classname="org.antlr.v4.test.tool.TestIntervalSet" time="0"/>
  <testcase name="testComplement2" classname="org.antlr.v4.test.tool.TestIntervalSet" time="0"/>
  <testcase name="testComplement3" classname="org.antlr.v4.test.tool.TestIntervalSet" time="0"/>
  <testcase name="testMixedRangesAndElements" classname="org.antlr.v4.test.tool.TestIntervalSet" time="0"/>
  <testcase name="testMergeWithDoubleOverlap" classname="org.antlr.v4.test.tool.TestIntervalSet" time="0.001"/>
  <testcase name="testNotEqualSet" classname="org.antlr.v4.test.tool.TestIntervalSet" time="0"/>
  <testcase name="testSubtractOfCompletelyContainedRange" classname="org.antlr.v4.test.tool.TestIntervalSet" time="0"/>
  <testcase name="testMergeWhereAdditionMergesThreeExistingIntervals" classname="org.antlr.v4.test.tool.TestIntervalSet" time="0"/>
  <testcase name="testMergeWhereAdditionMergesTwoExistingIntervals" classname="org.antlr.v4.test.tool.TestIntervalSet" time="0"/>
  <testcase name="testRmLeftSide" classname="org.antlr.v4.test.tool.TestIntervalSet" time="0"/>
  <testcase name="testSubtractOfRangeSpanningMultipleRanges" classname="org.antlr.v4.test.tool.TestIntervalSet" time="0"/>
  <testcase name="testNotRIntersectionNotT" classname="org.antlr.v4.test.tool.TestIntervalSet" time="0"/>
  <testcase name="testRmRightSide" classname="org.antlr.v4.test.tool.TestIntervalSet" time="0"/>
  <testcase name="testNotSingleElement" classname="org.antlr.v4.test.tool.TestIntervalSet" time="0"/>
  <testcase name="testIntersectionWithTwoContainedElements" classname="org.antlr.v4.test.tool.TestIntervalSet" time="0"/>
  <testcase name="testSubtractFromSetWithEOF" classname="org.antlr.v4.test.tool.TestIntervalSet" time="0"/>
  <testcase name="testSubtractOfOverlappingRangeFromLeft" classname="org.antlr.v4.test.tool.TestIntervalSet" time="0"/>
  <testcase name="testEquals" classname="org.antlr.v4.test.tool.TestIntervalSet" time="0"/>
  <testcase name="testIntersectionWithTwoContainedElementsReversed" classname="org.antlr.v4.test.tool.TestIntervalSet" time="0"/>
  <testcase name="testNotSet" classname="org.antlr.v4.test.tool.TestIntervalSet" time="0"/>
  <testcase name="testRangeAndIsolatedElement" classname="org.antlr.v4.test.tool.TestIntervalSet" time="0"/>
  <testcase name="testSubtractOfOverlappingRangeFromRight" classname="org.antlr.v4.test.tool.TestIntervalSet" time="0"/>
  <testcase name="testToList" classname="org.antlr.v4.test.tool.TestIntervalSet" time="0.001"/>
  <testcase name="testRmMiddleRange" classname="org.antlr.v4.test.tool.TestIntervalSet" time="0"/>
  <testcase name="testSubtractOfWackyRange" classname="org.antlr.v4.test.tool.TestIntervalSet" time="0"/>
  <testcase name="testRmSingleElement" classname="org.antlr.v4.test.tool.TestIntervalSet" time="0"/>
  <testcase name="testMergeOfRangesAndSingleValuesReverse" classname="org.antlr.v4.test.tool.TestIntervalSet" time="0"/>
</testsuite>