<?xml version="1.0" encoding="UTF-8"?>
<testsuite name="org.antlr.v4.test.tool.TestScopeParsing" time="0.026" tests="25" errors="0" skipped="0" failures="0">
  <properties>
[...]
</properties>
  <testcase name="testArgs[]" classname="org.antlr.v4.test.tool.TestScopeParsing" time="0.001"/>
  <testcase name="testArgs[ ]" classname="org.antlr.v4.test.tool.TestScopeParsing" time="0.001"/>
  <testcase name="testArgs[int i]" classname="org.antlr.v4.test.tool.TestScopeParsing" time="0.001"/>
  <testcase name="testArgs[int[] i, int j[]]" classname="org.antlr.v4.test.tool.TestScopeParsing" time="0.001"/>
  <testcase name="testArgs[Map&lt;A,B&gt;[] i, int j[]]" classname="org.antlr.v4.test.tool.TestScopeParsing" time="0.001"/>
  <testcase name="testArgs[Map&lt;A,List&lt;B&gt;&gt;[] i]" classname="org.antlr.v4.test.tool.TestScopeParsing" time="0.001"/>
  <testcase name="testArgs[int i = 34+a[3], int j[] = new int[34]]" classname="org.antlr.v4.test.tool.TestScopeParsing" time="0.001"/>
  <testcase name="testArgs[char *[3] foo = {1,2,3}]" classname="org.antlr.v4.test.tool.TestScopeParsing" time="0.001"/>
  <testcase name="testArgs[String[] headers]" classname="org.antlr.v4.test.tool.TestScopeParsing" time="0.001"/>
  <testcase name="testArgs[std::vector&lt;std::string&gt; x]" classname="org.antlr.v4.test.tool.TestScopeParsing" time="0.001"/>
  <testcase name="testArgs[i]" classname="org.antlr.v4.test.tool.TestScopeParsing" time="0.001"/>
  <testcase name="testArgs[i,j]" classname="org.antlr.v4.test.tool.TestScopeParsing" time="0.001"/>
  <testcase name="testArgs[i	,j, k]" classname="org.antlr.v4.test.tool.TestScopeParsing" time="0.001"/>
  <testcase name="testArgs[x: int]" classname="org.antlr.v4.test.tool.TestScopeParsing" time="0.001"/>
  <testcase name="testArgs[x :int]" classname="org.antlr.v4.test.tool.TestScopeParsing" time="0.001"/>
  <testcase name="testArgs[x:int]" classname="org.antlr.v4.test.tool.TestScopeParsing" time="0.002"/>
  <testcase name="testArgs[x:int=3]" classname="org.antlr.v4.test.tool.TestScopeParsing" time="0.001"/>
  <testcase name="testArgs[r:Rectangle=Rectangle(fromLength: 6, fromBreadth: 12)]" classname="org.antlr.v4.test.tool.TestScopeParsing" time="0.001"/>
  <testcase name="testArgs[p:pointer to int]" classname="org.antlr.v4.test.tool.TestScopeParsing" time="0.001"/>
  <testcase name="testArgs[a: array[3] of int]" classname="org.antlr.v4.test.tool.TestScopeParsing" time="0.001"/>
  <testcase name="testArgs[a 	:	func(array[3] of int)]" classname="org.antlr.v4.test.tool.TestScopeParsing" time="0.001"/>
  <testcase name="testArgs[x:int, y:float]" classname="org.antlr.v4.test.tool.TestScopeParsing" time="0.001"/>
  <testcase name="testArgs[x:T?, f:func(array[3] of int), y:int]" classname="org.antlr.v4.test.tool.TestScopeParsing" time="0.001"/>
  <testcase name="testArgs[float64 x = 3]" classname="org.antlr.v4.test.tool.TestScopeParsing" time="0.001"/>
  <testcase name="testArgs[map[string]int x]" classname="org.antlr.v4.test.tool.TestScopeParsing" time="0.001"/>
</testsuite>