<?xml version="1.0" encoding="UTF-8"?>
<testsuite name="org.antlr.v4.test.tool.TestSemPredEvalLexer" time="0.043" tests="7" errors="0" skipped="0" failures="7">
  <properties>
[...]
</properties>
  <testcase name="testIDvsEnum" classname="org.antlr.v4.test.tool.TestSemPredEvalLexer" time="0.005">
    <failure type="java.lang.AssertionError:">java.lang.AssertionError: null
	at org.junit.Assert.fail(Assert.java:87)
	at org.junit.Assert.assertTrue(Assert.java:42)
	at org.junit.Assert.assertTrue(Assert.java:53)
	at org.antlr.v4.test.tool.BaseTest.execLexer(BaseTest.java:629)
	at org.antlr.v4.test.tool.TestSemPredEvalLexer.testIDvsEnum(TestSemPredEvalLexer.java:43)
</failure>
    <system-out><![CDATA[dir /var/folders/yr/jljyn54x2_s965_570vvdpqw0000gn/T/TestSemPredEvalLexer-1615276644609
]]></system-out>
    <system-err><![CDATA[error: Source option 6 is no longer supported. Use 7 or later.
error: Target option 6 is no longer supported. Use 7 or later.
]]></system-err>
  </testcase>
  <testcase name="testIDnotEnum" classname="org.antlr.v4.test.tool.TestSemPredEvalLexer" time="0.006">
    <failure type="java.lang.AssertionError:">java.lang.AssertionError: null
	at org.junit.Assert.fail(Assert.java:87)
	at org.junit.Assert.assertTrue(Assert.java:42)
	at org.junit.Assert.assertTrue(Assert.java:53)
	at org.antlr.v4.test.tool.BaseTest.execLexer(BaseTest.java:629)
	at org.antlr.v4.test.tool.TestSemPredEvalLexer.testIDnotEnum(TestSemPredEvalLexer.java:65)
</failure>
    <system-out><![CDATA[dir /var/folders/yr/jljyn54x2_s965_570vvdpqw0000gn/T/TestSemPredEvalLexer-1615276644615
]]></system-out>
    <system-err><![CDATA[error: Source option 6 is no longer supported. Use 7 or later.
error: Target option 6 is no longer supported. Use 7 or later.
]]></system-err>
  </testcase>
  <testcase name="testDisableRule" classname="org.antlr.v4.test.tool.TestSemPredEvalLexer" time="0.006">
    <failure type="java.lang.AssertionError:">java.lang.AssertionError: null
	at org.junit.Assert.fail(Assert.java:87)
	at org.junit.Assert.assertTrue(Assert.java:42)
	at org.junit.Assert.assertTrue(Assert.java:53)
	at org.antlr.v4.test.tool.BaseTest.execLexer(BaseTest.java:629)
	at org.antlr.v4.test.tool.TestSemPredEvalLexer.testDisableRule(TestSemPredEvalLexer.java:22)
</failure>
    <system-out><![CDATA[dir /var/folders/yr/jljyn54x2_s965_570vvdpqw0000gn/T/TestSemPredEvalLexer-1615276644622
]]></system-out>
    <system-err><![CDATA[error: Source option 6 is no longer supported. Use 7 or later.
error: Target option 6 is no longer supported. Use 7 or later.
]]></system-err>
  </testcase>
  <testcase name="testLexerInputPositionSensitivePredicates" classname="org.antlr.v4.test.tool.TestSemPredEvalLexer" time="0.007">
    <failure type="java.lang.AssertionError:">java.lang.AssertionError: null
	at org.junit.Assert.fail(Assert.java:87)
	at org.junit.Assert.assertTrue(Assert.java:42)
	at org.junit.Assert.assertTrue(Assert.java:53)
	at org.antlr.v4.test.tool.BaseTest.execLexer(BaseTest.java:629)
	at org.antlr.v4.test.tool.BaseTest.execLexer(BaseTest.java:616)
	at org.antlr.v4.test.tool.TestSemPredEvalLexer.testLexerInputPositionSensitivePredicates(TestSemPredEvalLexer.java:128)
</failure>
    <system-out><![CDATA[dir /var/folders/yr/jljyn54x2_s965_570vvdpqw0000gn/T/TestSemPredEvalLexer-1615276644628
]]></system-out>
    <system-err><![CDATA[error: Source option 6 is no longer supported. Use 7 or later.
error: Target option 6 is no longer supported. Use 7 or later.
]]></system-err>
  </testcase>
  <testcase name="testEnumNotID" classname="org.antlr.v4.test.tool.TestSemPredEvalLexer" time="0.007">
    <failure type="java.lang.AssertionError:">java.lang.AssertionError: null
	at org.junit.Assert.fail(Assert.java:87)
	at org.junit.Assert.assertTrue(Assert.java:42)
	at org.junit.Assert.assertTrue(Assert.java:53)
	at org.antlr.v4.test.tool.BaseTest.execLexer(BaseTest.java:629)
	at org.antlr.v4.test.tool.TestSemPredEvalLexer.testEnumNotID(TestSemPredEvalLexer.java:81)
</failure>
    <system-out><![CDATA[dir /var/folders/yr/jljyn54x2_s965_570vvdpqw0000gn/T/TestSemPredEvalLexer-1615276644635
]]></system-out>
    <system-err><![CDATA[error: Source option 6 is no longer supported. Use 7 or later.
error: Target option 6 is no longer supported. Use 7 or later.
]]></system-err>
  </testcase>
  <testcase name="testPredicatedKeywords" classname="org.antlr.v4.test.tool.TestSemPredEvalLexer" time="0.006">
    <failure type="java.lang.AssertionError:">java.lang.AssertionError: null
	at org.junit.Assert.fail(Assert.java:87)
	at org.junit.Assert.assertTrue(Assert.java:42)
	at org.junit.Assert.assertTrue(Assert.java:53)
	at org.antlr.v4.test.tool.BaseTest.execLexer(BaseTest.java:629)
	at org.antlr.v4.test.tool.BaseTest.execLexer(BaseTest.java:616)
	at org.antlr.v4.test.tool.TestSemPredEvalLexer.testPredicatedKeywords(TestSemPredEvalLexer.java:148)
</failure>
    <system-out><![CDATA[dir /var/folders/yr/jljyn54x2_s965_570vvdpqw0000gn/T/TestSemPredEvalLexer-1615276644642
]]></system-out>
    <system-err><![CDATA[error: Source option 6 is no longer supported. Use 7 or later.
error: Target option 6 is no longer supported. Use 7 or later.
]]></system-err>
  </testcase>
  <testcase name="testIndent" classname="org.antlr.v4.test.tool.TestSemPredEvalLexer" time="0.006">
    <failure type="java.lang.AssertionError:">java.lang.AssertionError: null
	at org.junit.Assert.fail(Assert.java:87)
	at org.junit.Assert.assertTrue(Assert.java:42)
	at org.junit.Assert.assertTrue(Assert.java:53)
	at org.antlr.v4.test.tool.BaseTest.execLexer(BaseTest.java:629)
	at org.antlr.v4.test.tool.TestSemPredEvalLexer.testIndent(TestSemPredEvalLexer.java:99)
</failure>
    <system-out><![CDATA[dir /var/folders/yr/jljyn54x2_s965_570vvdpqw0000gn/T/TestSemPredEvalLexer-1615276644648
]]></system-out>
    <system-err><![CDATA[error: Source option 6 is no longer supported. Use 7 or later.
error: Target option 6 is no longer supported. Use 7 or later.
]]></system-err>
  </testcase>
</testsuite>