<?xml version="1.0" encoding="UTF-8"?>
<testsuite name="org.antlr.v4.test.tool.TestRuleVersioning" time="0.153" tests="14" errors="0" skipped="1" failures="12">
  <properties>
[...]
</properties>
  <testcase name="testClassDependencyFailed" classname="org.antlr.v4.test.tool.TestRuleVersioning" time="0.008">
    <failure type="java.lang.AssertionError:">java.lang.AssertionError: null
	at org.junit.Assert.fail(Assert.java:87)
	at org.junit.Assert.assertTrue(Assert.java:42)
	at org.junit.Assert.assertTrue(Assert.java:53)
	at org.antlr.v4.test.tool.BaseTest.execParser(BaseTest.java:725)
	at org.antlr.v4.test.tool.BaseTest.execParser(BaseTest.java:708)
	at org.antlr.v4.test.tool.TestRuleVersioning.testGrammar(TestRuleVersioning.java:200)
	at org.antlr.v4.test.tool.TestRuleVersioning.testBasicGrammar(TestRuleVersioning.java:156)
	at org.antlr.v4.test.tool.TestRuleVersioning.testClassDependencyFailed(TestRuleVersioning.java:118)
</failure>
    <system-out><![CDATA[dir /var/folders/yr/jljyn54x2_s965_570vvdpqw0000gn/T/TestRuleVersioning-1615276644654
]]></system-out>
    <system-err><![CDATA[error: Source option 6 is no longer supported. Use 7 or later.
error: Target option 6 is no longer supported. Use 7 or later.
]]></system-err>
  </testcase>
  <testcase name="testConstructorDependency" classname="org.antlr.v4.test.tool.TestRuleVersioning" time="0.013">
    <failure type="java.lang.AssertionError:">java.lang.AssertionError: null
	at org.junit.Assert.fail(Assert.java:87)
	at org.junit.Assert.assertTrue(Assert.java:42)
	at org.junit.Assert.assertTrue(Assert.java:53)
	at org.antlr.v4.test.tool.BaseTest.execParser(BaseTest.java:725)
	at org.antlr.v4.test.tool.BaseTest.execParser(BaseTest.java:708)
	at org.antlr.v4.test.tool.TestRuleVersioning.testGrammar(TestRuleVersioning.java:200)
	at org.antlr.v4.test.tool.TestRuleVersioning.testBasicGrammar(TestRuleVersioning.java:156)
	at org.antlr.v4.test.tool.TestRuleVersioning.testConstructorDependency(TestRuleVersioning.java:133)
</failure>
    <system-out><![CDATA[dir /var/folders/yr/jljyn54x2_s965_570vvdpqw0000gn/T/TestRuleVersioning-1615276644674
]]></system-out>
    <system-err><![CDATA[error: Source option 6 is no longer supported. Use 7 or later.
error: Target option 6 is no longer supported. Use 7 or later.
]]></system-err>
  </testcase>
  <testcase name="testMultipleDependencySingleGrammarFailed" classname="org.antlr.v4.test.tool.TestRuleVersioning" time="0.013">
    <failure type="java.lang.AssertionError:">java.lang.AssertionError: null
	at org.junit.Assert.fail(Assert.java:87)
	at org.junit.Assert.assertTrue(Assert.java:42)
	at org.junit.Assert.assertTrue(Assert.java:53)
	at org.antlr.v4.test.tool.BaseTest.execParser(BaseTest.java:725)
	at org.antlr.v4.test.tool.BaseTest.execParser(BaseTest.java:708)
	at org.antlr.v4.test.tool.TestRuleVersioning.testGrammar(TestRuleVersioning.java:200)
	at org.antlr.v4.test.tool.TestRuleVersioning.testBasicGrammar(TestRuleVersioning.java:156)
	at org.antlr.v4.test.tool.TestRuleVersioning.testMultipleDependencySingleGrammarFailed(TestRuleVersioning.java:92)
</failure>
    <system-out><![CDATA[dir /var/folders/yr/jljyn54x2_s965_570vvdpqw0000gn/T/TestRuleVersioning-1615276644687
]]></system-out>
    <system-err><![CDATA[error: Source option 6 is no longer supported. Use 7 or later.
error: Target option 6 is no longer supported. Use 7 or later.
]]></system-err>
  </testcase>
  <testcase name="testMultipleDependencySingleGrammarFailed2" classname="org.antlr.v4.test.tool.TestRuleVersioning" time="0.012">
    <failure type="java.lang.AssertionError:">java.lang.AssertionError: null
	at org.junit.Assert.fail(Assert.java:87)
	at org.junit.Assert.assertTrue(Assert.java:42)
	at org.junit.Assert.assertTrue(Assert.java:53)
	at org.antlr.v4.test.tool.BaseTest.execParser(BaseTest.java:725)
	at org.antlr.v4.test.tool.BaseTest.execParser(BaseTest.java:708)
	at org.antlr.v4.test.tool.TestRuleVersioning.testGrammar(TestRuleVersioning.java:200)
	at org.antlr.v4.test.tool.TestRuleVersioning.testBasicGrammar(TestRuleVersioning.java:156)
	at org.antlr.v4.test.tool.TestRuleVersioning.testMultipleDependencySingleGrammarFailed2(TestRuleVersioning.java:97)
</failure>
    <system-out><![CDATA[dir /var/folders/yr/jljyn54x2_s965_570vvdpqw0000gn/T/TestRuleVersioning-1615276644700
]]></system-out>
    <system-err><![CDATA[error: Source option 6 is no longer supported. Use 7 or later.
error: Target option 6 is no longer supported. Use 7 or later.
]]></system-err>
  </testcase>
  <testcase name="testMultipleDependencyMultipleGrammar" classname="org.antlr.v4.test.tool.TestRuleVersioning" time="0">
    <skipped/>
  </testcase>
  <testcase name="testConstructorDependencyFailed" classname="org.antlr.v4.test.tool.TestRuleVersioning" time="0.017">
    <failure type="java.lang.AssertionError:">java.lang.AssertionError: null
	at org.junit.Assert.fail(Assert.java:87)
	at org.junit.Assert.assertTrue(Assert.java:42)
	at org.junit.Assert.assertTrue(Assert.java:53)
	at org.antlr.v4.test.tool.BaseTest.execParser(BaseTest.java:725)
	at org.antlr.v4.test.tool.BaseTest.execParser(BaseTest.java:708)
	at org.antlr.v4.test.tool.TestRuleVersioning.testGrammar(TestRuleVersioning.java:200)
	at org.antlr.v4.test.tool.TestRuleVersioning.testBasicGrammar(TestRuleVersioning.java:156)
	at org.antlr.v4.test.tool.TestRuleVersioning.testConstructorDependencyFailed(TestRuleVersioning.java:138)
</failure>
    <system-out><![CDATA[dir /var/folders/yr/jljyn54x2_s965_570vvdpqw0000gn/T/TestRuleVersioning-1615276644712
]]></system-out>
    <system-err><![CDATA[error: Source option 6 is no longer supported. Use 7 or later.
error: Target option 6 is no longer supported. Use 7 or later.
]]></system-err>
  </testcase>
  <testcase name="testMethodDependencyFailed" classname="org.antlr.v4.test.tool.TestRuleVersioning" time="0.011">
    <failure type="java.lang.AssertionError:">java.lang.AssertionError: null
	at org.junit.Assert.fail(Assert.java:87)
	at org.junit.Assert.assertTrue(Assert.java:42)
	at org.junit.Assert.assertTrue(Assert.java:53)
	at org.antlr.v4.test.tool.BaseTest.execParser(BaseTest.java:725)
	at org.antlr.v4.test.tool.BaseTest.execParser(BaseTest.java:708)
	at org.antlr.v4.test.tool.TestRuleVersioning.testGrammar(TestRuleVersioning.java:200)
	at org.antlr.v4.test.tool.TestRuleVersioning.testBasicGrammar(TestRuleVersioning.java:156)
	at org.antlr.v4.test.tool.TestRuleVersioning.testMethodDependencyFailed(TestRuleVersioning.java:128)
</failure>
    <system-out><![CDATA[dir /var/folders/yr/jljyn54x2_s965_570vvdpqw0000gn/T/TestRuleVersioning-1615276644729
]]></system-out>
    <system-err><![CDATA[error: Source option 6 is no longer supported. Use 7 or later.
error: Target option 6 is no longer supported. Use 7 or later.
]]></system-err>
  </testcase>
  <testcase name="testSingleDependencyFailed" classname="org.antlr.v4.test.tool.TestRuleVersioning" time="0.012">
    <failure type="java.lang.AssertionError:">java.lang.AssertionError: null
	at org.junit.Assert.fail(Assert.java:87)
	at org.junit.Assert.assertTrue(Assert.java:42)
	at org.junit.Assert.assertTrue(Assert.java:53)
	at org.antlr.v4.test.tool.BaseTest.execParser(BaseTest.java:725)
	at org.antlr.v4.test.tool.BaseTest.execParser(BaseTest.java:708)
	at org.antlr.v4.test.tool.TestRuleVersioning.testGrammar(TestRuleVersioning.java:200)
	at org.antlr.v4.test.tool.TestRuleVersioning.testBasicGrammar(TestRuleVersioning.java:156)
	at org.antlr.v4.test.tool.TestRuleVersioning.testSingleDependencyFailed(TestRuleVersioning.java:82)
</failure>
    <system-out><![CDATA[dir /var/folders/yr/jljyn54x2_s965_570vvdpqw0000gn/T/TestRuleVersioning-1615276644740
]]></system-out>
    <system-err><![CDATA[error: Source option 6 is no longer supported. Use 7 or later.
error: Target option 6 is no longer supported. Use 7 or later.
]]></system-err>
  </testcase>
  <testcase name="testClassDependency" classname="org.antlr.v4.test.tool.TestRuleVersioning" time="0.014">
    <failure type="java.lang.AssertionError:">java.lang.AssertionError: null
	at org.junit.Assert.fail(Assert.java:87)
	at org.junit.Assert.assertTrue(Assert.java:42)
	at org.junit.Assert.assertTrue(Assert.java:53)
	at org.antlr.v4.test.tool.BaseTest.execParser(BaseTest.java:725)
	at org.antlr.v4.test.tool.BaseTest.execParser(BaseTest.java:708)
	at org.antlr.v4.test.tool.TestRuleVersioning.testGrammar(TestRuleVersioning.java:200)
	at org.antlr.v4.test.tool.TestRuleVersioning.testBasicGrammar(TestRuleVersioning.java:156)
	at org.antlr.v4.test.tool.TestRuleVersioning.testClassDependency(TestRuleVersioning.java:113)
</failure>
    <system-out><![CDATA[dir /var/folders/yr/jljyn54x2_s965_570vvdpqw0000gn/T/TestRuleVersioning-1615276644752
]]></system-out>
    <system-err><![CDATA[error: Source option 6 is no longer supported. Use 7 or later.
error: Target option 6 is no longer supported. Use 7 or later.
]]></system-err>
  </testcase>
  <testcase name="testSingleDependency" classname="org.antlr.v4.test.tool.TestRuleVersioning" time="0.016">
    <failure type="java.lang.AssertionError:">java.lang.AssertionError: null
	at org.junit.Assert.fail(Assert.java:87)
	at org.junit.Assert.assertTrue(Assert.java:42)
	at org.junit.Assert.assertTrue(Assert.java:53)
	at org.antlr.v4.test.tool.BaseTest.execParser(BaseTest.java:725)
	at org.antlr.v4.test.tool.BaseTest.execParser(BaseTest.java:708)
	at org.antlr.v4.test.tool.TestRuleVersioning.testGrammar(TestRuleVersioning.java:200)
	at org.antlr.v4.test.tool.TestRuleVersioning.testBasicGrammar(TestRuleVersioning.java:156)
	at org.antlr.v4.test.tool.TestRuleVersioning.testSingleDependency(TestRuleVersioning.java:77)
</failure>
    <system-out><![CDATA[dir /var/folders/yr/jljyn54x2_s965_570vvdpqw0000gn/T/TestRuleVersioning-1615276644766
]]></system-out>
    <system-err><![CDATA[error: Source option 6 is no longer supported. Use 7 or later.
error: Target option 6 is no longer supported. Use 7 or later.
]]></system-err>
  </testcase>
  <testcase name="testDependencyOnInvalidRule" classname="org.antlr.v4.test.tool.TestRuleVersioning" time="0.011">
    <failure type="java.lang.AssertionError:">java.lang.AssertionError: null
	at org.junit.Assert.fail(Assert.java:87)
	at org.junit.Assert.assertTrue(Assert.java:42)
	at org.junit.Assert.assertTrue(Assert.java:53)
	at org.antlr.v4.test.tool.BaseTest.execParser(BaseTest.java:725)
	at org.antlr.v4.test.tool.BaseTest.execParser(BaseTest.java:708)
	at org.antlr.v4.test.tool.TestRuleVersioning.testGrammar(TestRuleVersioning.java:200)
	at org.antlr.v4.test.tool.TestRuleVersioning.testDependencyOnInvalidRule(TestRuleVersioning.java:143)
</failure>
    <system-out><![CDATA[dir /var/folders/yr/jljyn54x2_s965_570vvdpqw0000gn/T/TestRuleVersioning-1615276644782
]]></system-out>
    <system-err><![CDATA[error: Source option 6 is no longer supported. Use 7 or later.
error: Target option 6 is no longer supported. Use 7 or later.
]]></system-err>
  </testcase>
  <testcase name="testMultipleDependencySingleGrammar" classname="org.antlr.v4.test.tool.TestRuleVersioning" time="0.012">
    <failure type="java.lang.AssertionError:">java.lang.AssertionError: null
	at org.junit.Assert.fail(Assert.java:87)
	at org.junit.Assert.assertTrue(Assert.java:42)
	at org.junit.Assert.assertTrue(Assert.java:53)
	at org.antlr.v4.test.tool.BaseTest.execParser(BaseTest.java:725)
	at org.antlr.v4.test.tool.BaseTest.execParser(BaseTest.java:708)
	at org.antlr.v4.test.tool.TestRuleVersioning.testGrammar(TestRuleVersioning.java:200)
	at org.antlr.v4.test.tool.TestRuleVersioning.testBasicGrammar(TestRuleVersioning.java:156)
	at org.antlr.v4.test.tool.TestRuleVersioning.testMultipleDependencySingleGrammar(TestRuleVersioning.java:87)
</failure>
    <system-out><![CDATA[dir /var/folders/yr/jljyn54x2_s965_570vvdpqw0000gn/T/TestRuleVersioning-1615276644793
]]></system-out>
    <system-err><![CDATA[error: Source option 6 is no longer supported. Use 7 or later.
error: Target option 6 is no longer supported. Use 7 or later.
]]></system-err>
  </testcase>
  <testcase name="testMethodDependency" classname="org.antlr.v4.test.tool.TestRuleVersioning" time="0.011">
    <failure type="java.lang.AssertionError:">java.lang.AssertionError: null
	at org.junit.Assert.fail(Assert.java:87)
	at org.junit.Assert.assertTrue(Assert.java:42)
	at org.junit.Assert.assertTrue(Assert.java:53)
	at org.antlr.v4.test.tool.BaseTest.execParser(BaseTest.java:725)
	at org.antlr.v4.test.tool.BaseTest.execParser(BaseTest.java:708)
	at org.antlr.v4.test.tool.TestRuleVersioning.testGrammar(TestRuleVersioning.java:200)
	at org.antlr.v4.test.tool.TestRuleVersioning.testBasicGrammar(TestRuleVersioning.java:156)
	at org.antlr.v4.test.tool.TestRuleVersioning.testMethodDependency(TestRuleVersioning.java:123)
</failure>
    <system-out><![CDATA[dir /var/folders/yr/jljyn54x2_s965_570vvdpqw0000gn/T/TestRuleVersioning-1615276644805
]]></system-out>
    <system-err><![CDATA[error: Source option 6 is no longer supported. Use 7 or later.
error: Target option 6 is no longer supported. Use 7 or later.
]]></system-err>
  </testcase>
  <testcase name="testPropertyEvaluation" classname="org.antlr.v4.test.tool.TestRuleVersioning" time="0.003"/>
</testsuite>