<?xml version="1.0" encoding="UTF-8"?>
<testsuite name="org.antlr.v4.test.TestASTStructure" time="0" tests="41" errors="0" skipped="0" failures="0">
  <properties>
[...]
</properties>
  <testcase name="test_delegateGrammars1" classname="org.antlr.v4.test.TestASTStructure" time="0"/>
  <testcase name="test_element1" classname="org.antlr.v4.test.TestASTStructure" time="0"/>
  <testcase name="test_element2" classname="org.antlr.v4.test.TestASTStructure" time="0"/>
  <testcase name="test_element3" classname="org.antlr.v4.test.TestASTStructure" time="0"/>
  <testcase name="test_element4" classname="org.antlr.v4.test.TestASTStructure" time="0"/>
  <testcase name="test_element5" classname="org.antlr.v4.test.TestASTStructure" time="0"/>
  <testcase name="test_element6" classname="org.antlr.v4.test.TestASTStructure" time="0"/>
  <testcase name="test_element7" classname="org.antlr.v4.test.TestASTStructure" time="0"/>
  <testcase name="test_element8" classname="org.antlr.v4.test.TestASTStructure" time="0"/>
  <testcase name="test_element9" classname="org.antlr.v4.test.TestASTStructure" time="0"/>
  <testcase name="test_grammarSpec1" classname="org.antlr.v4.test.TestASTStructure" time="0"/>
  <testcase name="test_grammarSpec2" classname="org.antlr.v4.test.TestASTStructure" time="0"/>
  <testcase name="test_grammarSpec3" classname="org.antlr.v4.test.TestASTStructure" time="0"/>
  <testcase name="test_grammarSpec4" classname="org.antlr.v4.test.TestASTStructure" time="0"/>
  <testcase name="test_element10" classname="org.antlr.v4.test.TestASTStructure" time="0"/>
  <testcase name="test_element11" classname="org.antlr.v4.test.TestASTStructure" time="0"/>
  <testcase name="test_element12" classname="org.antlr.v4.test.TestASTStructure" time="0"/>
  <testcase name="test_element13" classname="org.antlr.v4.test.TestASTStructure" time="0"/>
  <testcase name="test_element14" classname="org.antlr.v4.test.TestASTStructure" time="0"/>
  <testcase name="test_element15" classname="org.antlr.v4.test.TestASTStructure" time="0"/>
  <testcase name="test_element16" classname="org.antlr.v4.test.TestASTStructure" time="0"/>
  <testcase name="test_element17" classname="org.antlr.v4.test.TestASTStructure" time="0"/>
  <testcase name="test_element18" classname="org.antlr.v4.test.TestASTStructure" time="0"/>
  <testcase name="test_element19" classname="org.antlr.v4.test.TestASTStructure" time="0"/>
  <testcase name="test_element20" classname="org.antlr.v4.test.TestASTStructure" time="0"/>
  <testcase name="test_element21" classname="org.antlr.v4.test.TestASTStructure" time="0"/>
  <testcase name="test_element22" classname="org.antlr.v4.test.TestASTStructure" time="0"/>
  <testcase name="test_element23" classname="org.antlr.v4.test.TestASTStructure" time="0"/>
  <testcase name="test_element24" classname="org.antlr.v4.test.TestASTStructure" time="0"/>
  <testcase name="test_ebnf1" classname="org.antlr.v4.test.TestASTStructure" time="0"/>
  <testcase name="test_ebnf2" classname="org.antlr.v4.test.TestASTStructure" time="0"/>
  <testcase name="test_ebnf3" classname="org.antlr.v4.test.TestASTStructure" time="0"/>
  <testcase name="test_ebnf4" classname="org.antlr.v4.test.TestASTStructure" time="0"/>
  <testcase name="test_rule1" classname="org.antlr.v4.test.TestASTStructure" time="0"/>
  <testcase name="test_rule2" classname="org.antlr.v4.test.TestASTStructure" time="0"/>
  <testcase name="test_rule3" classname="org.antlr.v4.test.TestASTStructure" time="0"/>
  <testcase name="test_rule4" classname="org.antlr.v4.test.TestASTStructure" time="0"/>
  <testcase name="test_rule5" classname="org.antlr.v4.test.TestASTStructure" time="0"/>
  <testcase name="test_rule6" classname="org.antlr.v4.test.TestASTStructure" time="0"/>
  <testcase name="test_rule7" classname="org.antlr.v4.test.TestASTStructure" time="0"/>
  <testcase name="test_rule8" classname="org.antlr.v4.test.TestASTStructure" time="0"/>
</testsuite>