<?xml version="1.0" encoding="UTF-8"?>
<testsuite name="org.antlr.v4.test.tool.TestCompositeGrammars" time="0.478" tests="33" errors="0" skipped="0" failures="23">
  <properties>
[...]
</properties>
  <testcase name="testRulesVisibleThroughMultilevelImport" classname="org.antlr.v4.test.tool.TestCompositeGrammars" time="0.003"/>
  <testcase name="testDelegatorAccessesDelegateMembers" classname="org.antlr.v4.test.tool.TestCompositeGrammars" time="0.01">
    <failure type="java.lang.AssertionError:">java.lang.AssertionError: null
	at org.junit.Assert.fail(Assert.java:87)
	at org.junit.Assert.assertTrue(Assert.java:42)
	at org.junit.Assert.assertTrue(Assert.java:53)
	at org.antlr.v4.test.tool.BaseTest.execParser(BaseTest.java:725)
	at org.antlr.v4.test.tool.BaseTest.execParser(BaseTest.java:708)
	at org.antlr.v4.test.tool.TestCompositeGrammars.testDelegatorAccessesDelegateMembers(TestCompositeGrammars.java:227)
</failure>
    <system-out><![CDATA[dir /var/folders/yr/jljyn54x2_s965_570vvdpqw0000gn/T/TestCompositeGrammars-1615276649500
]]></system-out>
    <system-err><![CDATA[antlr reports warnings from [-visitor, -o, /var/folders/yr/jljyn54x2_s965_570vvdpqw0000gn/T/TestCompositeGrammars-1615276649500, -lib, /var/folders/yr/jljyn54x2_s965_570vvdpqw0000gn/T/TestCompositeGrammars-1615276649500, -encoding, UTF-8, /var/folders/yr/jljyn54x2_s965_570vvdpqw0000gn/T/TestCompositeGrammars-1615276649500/M.g4]
Message{errorType=IMPLICIT_TOKEN_DEFINITION, args=[B], e=null, fileName='/var/folders/yr/jljyn54x2_s965_570vvdpqw0000gn/T/TestCompositeGrammars-1615276649500/M.g4', line=5, charPosition=4}
antlr reports warnings from [-visitor, -o, /var/folders/yr/jljyn54x2_s965_570vvdpqw0000gn/T/TestCompositeGrammars-1615276649500, -lib, /var/folders/yr/jljyn54x2_s965_570vvdpqw0000gn/T/TestCompositeGrammars-1615276649500, -encoding, UTF-8, /var/folders/yr/jljyn54x2_s965_570vvdpqw0000gn/T/TestCompositeGrammars-1615276649500/M.g4]
Message{errorType=IMPLICIT_TOKEN_DEFINITION, args=[B], e=null, fileName='/var/folders/yr/jljyn54x2_s965_570vvdpqw0000gn/T/TestCompositeGrammars-1615276649500/M.g4', line=5, charPosition=4}
error: Source option 6 is no longer supported. Use 7 or later.
error: Target option 6 is no longer supported. Use 7 or later.
]]></system-err>
  </testcase>
  <testcase name="testDelegatorRuleOverridesDelegate" classname="org.antlr.v4.test.tool.TestCompositeGrammars" time="0.01">
    <failure type="java.lang.AssertionError:">java.lang.AssertionError: null
	at org.junit.Assert.fail(Assert.java:87)
	at org.junit.Assert.assertTrue(Assert.java:42)
	at org.junit.Assert.assertTrue(Assert.java:53)
	at org.antlr.v4.test.tool.BaseTest.execParser(BaseTest.java:725)
	at org.antlr.v4.test.tool.BaseTest.execParser(BaseTest.java:708)
	at org.antlr.v4.test.tool.TestCompositeGrammars.testDelegatorRuleOverridesDelegate(TestCompositeGrammars.java:420)
</failure>
    <system-out><![CDATA[dir /var/folders/yr/jljyn54x2_s965_570vvdpqw0000gn/T/TestCompositeGrammars-1615276649510
]]></system-out>
    <system-err><![CDATA[error: Source option 6 is no longer supported. Use 7 or later.
error: Target option 6 is no longer supported. Use 7 or later.
]]></system-err>
  </testcase>
  <testcase name="testNestedComposite" classname="org.antlr.v4.test.tool.TestCompositeGrammars" time="0.011">
    <failure message="expected:&lt;true&gt; but was:&lt;false&gt;" type="java.lang.AssertionError"><![CDATA[java.lang.AssertionError: expected:<true> but was:<false>
	at org.junit.Assert.fail(Assert.java:89)
	at org.junit.Assert.failNotEquals(Assert.java:835)
	at org.junit.Assert.assertEquals(Assert.java:120)
	at org.junit.Assert.assertEquals(Assert.java:146)
	at org.antlr.v4.test.tool.TestCompositeGrammars.testNestedComposite(TestCompositeGrammars.java:727)
]]></failure>
    <system-out><![CDATA[dir /var/folders/yr/jljyn54x2_s965_570vvdpqw0000gn/T/TestCompositeGrammars-1615276649520
]]></system-out>
    <system-err><![CDATA[antlr reports warnings from [-o, /var/folders/yr/jljyn54x2_s965_570vvdpqw0000gn/T/TestCompositeGrammars-1615276649520, -lib, /var/folders/yr/jljyn54x2_s965_570vvdpqw0000gn/T/TestCompositeGrammars-1615276649520, -encoding, UTF-8, /var/folders/yr/jljyn54x2_s965_570vvdpqw0000gn/T/TestCompositeGrammars-1615276649520/G3.g4]
Message{errorType=IMPLICIT_TOKEN_DEFINITION, args=[T4], e=null, fileName='/var/folders/yr/jljyn54x2_s965_570vvdpqw0000gn/T/TestCompositeGrammars-1615276649520/G3.g4', line=3, charPosition=3}
Message{errorType=IMPLICIT_TOKEN_DEFINITION, args=[T3], e=null, fileName='/var/folders/yr/jljyn54x2_s965_570vvdpqw0000gn/T/TestCompositeGrammars-1615276649520/G3.g4', line=3, charPosition=3}
antlr reports warnings from [-o, /var/folders/yr/jljyn54x2_s965_570vvdpqw0000gn/T/TestCompositeGrammars-1615276649520, -lib, /var/folders/yr/jljyn54x2_s965_570vvdpqw0000gn/T/TestCompositeGrammars-1615276649520, -encoding, UTF-8, /var/folders/yr/jljyn54x2_s965_570vvdpqw0000gn/T/TestCompositeGrammars-1615276649520/G3.g4]
Message{errorType=IMPLICIT_TOKEN_DEFINITION, args=[T4], e=null, fileName='/var/folders/yr/jljyn54x2_s965_570vvdpqw0000gn/T/TestCompositeGrammars-1615276649520/G3.g4', line=3, charPosition=3}
Message{errorType=IMPLICIT_TOKEN_DEFINITION, args=[T3], e=null, fileName='/var/folders/yr/jljyn54x2_s965_570vvdpqw0000gn/T/TestCompositeGrammars-1615276649520/G3.g4', line=3, charPosition=3}
error: Source option 6 is no longer supported. Use 7 or later.
error: Target option 6 is no longer supported. Use 7 or later.
]]></system-err>
  </testcase>
  <testcase name="testBigTreeOfImports" classname="org.antlr.v4.test.tool.TestCompositeGrammars" time="0.012">
    <failure message="expected:&lt;true&gt; but was:&lt;false&gt;" type="java.lang.AssertionError"><![CDATA[java.lang.AssertionError: expected:<true> but was:<false>
	at org.junit.Assert.fail(Assert.java:89)
	at org.junit.Assert.failNotEquals(Assert.java:835)
	at org.junit.Assert.assertEquals(Assert.java:120)
	at org.junit.Assert.assertEquals(Assert.java:146)
	at org.antlr.v4.test.tool.TestCompositeGrammars.testBigTreeOfImports(TestCompositeGrammars.java:641)
]]></failure>
    <system-out><![CDATA[dir /var/folders/yr/jljyn54x2_s965_570vvdpqw0000gn/T/TestCompositeGrammars-1615276649531
]]></system-out>
    <system-err><![CDATA[error: Source option 6 is no longer supported. Use 7 or later.
error: Target option 6 is no longer supported. Use 7 or later.
]]></system-err>
  </testcase>
  <testcase name="testLexerDelegatorInvokesDelegateRule" classname="org.antlr.v4.test.tool.TestCompositeGrammars" time="0.006">
    <failure type="java.lang.AssertionError:">java.lang.AssertionError: null
	at org.junit.Assert.fail(Assert.java:87)
	at org.junit.Assert.assertTrue(Assert.java:42)
	at org.junit.Assert.assertTrue(Assert.java:53)
	at org.antlr.v4.test.tool.BaseTest.execLexer(BaseTest.java:629)
	at org.antlr.v4.test.tool.TestCompositeGrammars.testLexerDelegatorInvokesDelegateRule(TestCompositeGrammars.java:494)
</failure>
    <system-out><![CDATA[dir /var/folders/yr/jljyn54x2_s965_570vvdpqw0000gn/T/TestCompositeGrammars-1615276649543
]]></system-out>
    <system-err><![CDATA[error: Source option 6 is no longer supported. Use 7 or later.
error: Target option 6 is no longer supported. Use 7 or later.
]]></system-err>
  </testcase>
  <testcase name="testImportLexerWithOnlyFragmentRules" classname="org.antlr.v4.test.tool.TestCompositeGrammars" time="0.012">
    <failure type="java.lang.AssertionError:">java.lang.AssertionError: null
	at org.junit.Assert.fail(Assert.java:87)
	at org.junit.Assert.assertTrue(Assert.java:42)
	at org.junit.Assert.assertTrue(Assert.java:53)
	at org.antlr.v4.test.tool.BaseTest.execParser(BaseTest.java:725)
	at org.antlr.v4.test.tool.BaseTest.execParser(BaseTest.java:708)
	at org.antlr.v4.test.tool.TestCompositeGrammars.testImportLexerWithOnlyFragmentRules(TestCompositeGrammars.java:808)
</failure>
    <system-out><![CDATA[dir /var/folders/yr/jljyn54x2_s965_570vvdpqw0000gn/T/TestCompositeGrammars-1615276649549
]]></system-out>
    <system-err><![CDATA[error: Source option 6 is no longer supported. Use 7 or later.
error: Target option 6 is no longer supported. Use 7 or later.
]]></system-err>
  </testcase>
  <testcase name="testImportLeftRecursiveGrammar" classname="org.antlr.v4.test.tool.TestCompositeGrammars" time="0.013">
    <failure type="java.lang.AssertionError:">java.lang.AssertionError: null
	at org.junit.Assert.fail(Assert.java:87)
	at org.junit.Assert.assertTrue(Assert.java:42)
	at org.junit.Assert.assertTrue(Assert.java:53)
	at org.antlr.v4.test.tool.BaseTest.execParser(BaseTest.java:725)
	at org.antlr.v4.test.tool.BaseTest.execParser(BaseTest.java:708)
	at org.antlr.v4.test.tool.TestCompositeGrammars.testImportLeftRecursiveGrammar(TestCompositeGrammars.java:855)
</failure>
    <system-out><![CDATA[dir /var/folders/yr/jljyn54x2_s965_570vvdpqw0000gn/T/TestCompositeGrammars-1615276649561
dir /var/folders/yr/jljyn54x2_s965_570vvdpqw0000gn/T/TestCompositeGrammars-1615276649561
]]></system-out>
    <system-err><![CDATA[error: Source option 6 is no longer supported. Use 7 or later.
error: Target option 6 is no longer supported. Use 7 or later.
]]></system-err>
  </testcase>
  <testcase name="testDelegatorRuleOverridesLookaheadInDelegate" classname="org.antlr.v4.test.tool.TestCompositeGrammars" time="0.013">
    <failure type="java.lang.AssertionError:">java.lang.AssertionError: null
	at org.junit.Assert.fail(Assert.java:87)
	at org.junit.Assert.assertTrue(Assert.java:42)
	at org.junit.Assert.assertTrue(Assert.java:53)
	at org.antlr.v4.test.tool.BaseTest.execParser(BaseTest.java:725)
	at org.antlr.v4.test.tool.BaseTest.execParser(BaseTest.java:708)
	at org.antlr.v4.test.tool.TestCompositeGrammars.testDelegatorRuleOverridesLookaheadInDelegate(TestCompositeGrammars.java:445)
</failure>
    <system-out><![CDATA[dir /var/folders/yr/jljyn54x2_s965_570vvdpqw0000gn/T/TestCompositeGrammars-1615276649575
]]></system-out>
    <system-err><![CDATA[error: Source option 6 is no longer supported. Use 7 or later.
error: Target option 6 is no longer supported. Use 7 or later.
]]></system-err>
  </testcase>
  <testcase name="testBringInLiteralsFromDelegate" classname="org.antlr.v4.test.tool.TestCompositeGrammars" time="0.01">
    <failure type="java.lang.AssertionError:">java.lang.AssertionError: null
	at org.junit.Assert.fail(Assert.java:87)
	at org.junit.Assert.assertTrue(Assert.java:42)
	at org.junit.Assert.assertTrue(Assert.java:53)
	at org.antlr.v4.test.tool.BaseTest.execParser(BaseTest.java:725)
	at org.antlr.v4.test.tool.BaseTest.execParser(BaseTest.java:708)
	at org.antlr.v4.test.tool.TestCompositeGrammars.testBringInLiteralsFromDelegate(TestCompositeGrammars.java:168)
</failure>
    <system-out><![CDATA[dir /var/folders/yr/jljyn54x2_s965_570vvdpqw0000gn/T/TestCompositeGrammars-1615276649588
]]></system-out>
    <system-err><![CDATA[error: Source option 6 is no longer supported. Use 7 or later.
error: Target option 6 is no longer supported. Use 7 or later.
]]></system-err>
  </testcase>
  <testcase name="testCombinedImportsCombined" classname="org.antlr.v4.test.tool.TestCompositeGrammars" time="0.014">
    <failure type="java.lang.AssertionError:">java.lang.AssertionError: null
	at org.junit.Assert.fail(Assert.java:87)
	at org.junit.Assert.assertTrue(Assert.java:42)
	at org.junit.Assert.assertTrue(Assert.java:53)
	at org.antlr.v4.test.tool.BaseTest.execParser(BaseTest.java:725)
	at org.antlr.v4.test.tool.BaseTest.execParser(BaseTest.java:708)
	at org.antlr.v4.test.tool.TestCompositeGrammars.testCombinedImportsCombined(TestCompositeGrammars.java:355)
</failure>
    <system-out><![CDATA[dir /var/folders/yr/jljyn54x2_s965_570vvdpqw0000gn/T/TestCompositeGrammars-1615276649599
]]></system-out>
    <system-err><![CDATA[error: Source option 6 is no longer supported. Use 7 or later.
error: Target option 6 is no longer supported. Use 7 or later.
]]></system-err>
  </testcase>
  <testcase name="testImportedTokenVocabIgnoredWithWarning" classname="org.antlr.v4.test.tool.TestCompositeGrammars" time="0.003"/>
  <testcase name="testImportFileLocationInSubdir" classname="org.antlr.v4.test.tool.TestCompositeGrammars" time="0.009"/>
  <testcase name="testErrorInImportedGetsRightFilename" classname="org.antlr.v4.test.tool.TestCompositeGrammars" time="0.007"/>
  <testcase name="testImportedGrammarWithEmptyOptions" classname="org.antlr.v4.test.tool.TestCompositeGrammars" time="0.01">
    <failure type="java.lang.AssertionError:">java.lang.AssertionError: null
	at org.junit.Assert.fail(Assert.java:87)
	at org.junit.Assert.assertTrue(Assert.java:42)
	at org.junit.Assert.assertTrue(Assert.java:53)
	at org.antlr.v4.test.tool.BaseTest.execParser(BaseTest.java:725)
	at org.antlr.v4.test.tool.BaseTest.execParser(BaseTest.java:708)
	at org.antlr.v4.test.tool.TestCompositeGrammars.testImportedGrammarWithEmptyOptions(TestCompositeGrammars.java:779)
</failure>
    <system-out><![CDATA[dir /var/folders/yr/jljyn54x2_s965_570vvdpqw0000gn/T/TestCompositeGrammars-1615276649633
]]></system-out>
    <system-err><![CDATA[error: Source option 6 is no longer supported. Use 7 or later.
error: Target option 6 is no longer supported. Use 7 or later.
]]></system-err>
  </testcase>
  <testcase name="testDelegatesSeeSameTokenType2" classname="org.antlr.v4.test.tool.TestCompositeGrammars" time="0.015">
    <failure type="java.lang.AssertionError:">java.lang.AssertionError: null
	at org.junit.Assert.fail(Assert.java:87)
	at org.junit.Assert.assertTrue(Assert.java:42)
	at org.junit.Assert.assertTrue(Assert.java:53)
	at org.antlr.v4.test.tool.BaseTest.execParser(BaseTest.java:725)
	at org.antlr.v4.test.tool.BaseTest.execParser(BaseTest.java:708)
	at org.antlr.v4.test.tool.TestCompositeGrammars.testDelegatesSeeSameTokenType2(TestCompositeGrammars.java:328)
</failure>
    <system-out><![CDATA[dir /var/folders/yr/jljyn54x2_s965_570vvdpqw0000gn/T/TestCompositeGrammars-1615276649643
]]></system-out>
    <system-err><![CDATA[antlr reports warnings from [-visitor, -o, /var/folders/yr/jljyn54x2_s965_570vvdpqw0000gn/T/TestCompositeGrammars-1615276649643, -lib, /var/folders/yr/jljyn54x2_s965_570vvdpqw0000gn/T/TestCompositeGrammars-1615276649643, -encoding, UTF-8, /var/folders/yr/jljyn54x2_s965_570vvdpqw0000gn/T/TestCompositeGrammars-1615276649643/M.g4]
Message{errorType=TOKEN_NAME_REASSIGNMENT, args=[A], e=null, fileName='/var/folders/yr/jljyn54x2_s965_570vvdpqw0000gn/T/TestCompositeGrammars-1615276649643/M.g4', line=2, charPosition=9}
Message{errorType=TOKEN_NAME_REASSIGNMENT, args=[B], e=null, fileName='/var/folders/yr/jljyn54x2_s965_570vvdpqw0000gn/T/TestCompositeGrammars-1615276649643/M.g4', line=2, charPosition=12}
Message{errorType=TOKEN_NAME_REASSIGNMENT, args=[C], e=null, fileName='/var/folders/yr/jljyn54x2_s965_570vvdpqw0000gn/T/TestCompositeGrammars-1615276649643/M.g4', line=2, charPosition=15}
Message{errorType=TOKEN_NAME_REASSIGNMENT, args=[C], e=null, fileName='/var/folders/yr/jljyn54x2_s965_570vvdpqw0000gn/T/TestCompositeGrammars-1615276649643/M.g4', line=2, charPosition=9}
Message{errorType=TOKEN_NAME_REASSIGNMENT, args=[B], e=null, fileName='/var/folders/yr/jljyn54x2_s965_570vvdpqw0000gn/T/TestCompositeGrammars-1615276649643/M.g4', line=2, charPosition=12}
Message{errorType=TOKEN_NAME_REASSIGNMENT, args=[A], e=null, fileName='/var/folders/yr/jljyn54x2_s965_570vvdpqw0000gn/T/TestCompositeGrammars-1615276649643/M.g4', line=2, charPosition=15}
antlr reports warnings from [-visitor, -o, /var/folders/yr/jljyn54x2_s965_570vvdpqw0000gn/T/TestCompositeGrammars-1615276649643, -lib, /var/folders/yr/jljyn54x2_s965_570vvdpqw0000gn/T/TestCompositeGrammars-1615276649643, -encoding, UTF-8, /var/folders/yr/jljyn54x2_s965_570vvdpqw0000gn/T/TestCompositeGrammars-1615276649643/M.g4]
Message{errorType=TOKEN_NAME_REASSIGNMENT, args=[A], e=null, fileName='/var/folders/yr/jljyn54x2_s965_570vvdpqw0000gn/T/TestCompositeGrammars-1615276649643/M.g4', line=2, charPosition=9}
Message{errorType=TOKEN_NAME_REASSIGNMENT, args=[B], e=null, fileName='/var/folders/yr/jljyn54x2_s965_570vvdpqw0000gn/T/TestCompositeGrammars-1615276649643/M.g4', line=2, charPosition=12}
Message{errorType=TOKEN_NAME_REASSIGNMENT, args=[C], e=null, fileName='/var/folders/yr/jljyn54x2_s965_570vvdpqw0000gn/T/TestCompositeGrammars-1615276649643/M.g4', line=2, charPosition=15}
Message{errorType=TOKEN_NAME_REASSIGNMENT, args=[C], e=null, fileName='/var/folders/yr/jljyn54x2_s965_570vvdpqw0000gn/T/TestCompositeGrammars-1615276649643/M.g4', line=2, charPosition=9}
Message{errorType=TOKEN_NAME_REASSIGNMENT, args=[B], e=null, fileName='/var/folders/yr/jljyn54x2_s965_570vvdpqw0000gn/T/TestCompositeGrammars-1615276649643/M.g4', line=2, charPosition=12}
Message{errorType=TOKEN_NAME_REASSIGNMENT, args=[A], e=null, fileName='/var/folders/yr/jljyn54x2_s965_570vvdpqw0000gn/T/TestCompositeGrammars-1615276649643/M.g4', line=2, charPosition=15}
error: Source option 6 is no longer supported. Use 7 or later.
error: Target option 6 is no longer supported. Use 7 or later.
]]></system-err>
  </testcase>
  <testcase name="testDelegatorRuleOverridesDelegates" classname="org.antlr.v4.test.tool.TestCompositeGrammars" time="0.011">
    <failure type="java.lang.AssertionError:">java.lang.AssertionError: null
	at org.junit.Assert.fail(Assert.java:87)
	at org.junit.Assert.assertTrue(Assert.java:42)
	at org.junit.Assert.assertTrue(Assert.java:53)
	at org.antlr.v4.test.tool.BaseTest.execParser(BaseTest.java:725)
	at org.antlr.v4.test.tool.BaseTest.execParser(BaseTest.java:708)
	at org.antlr.v4.test.tool.TestCompositeGrammars.testDelegatorRuleOverridesDelegates(TestCompositeGrammars.java:469)
</failure>
    <system-out><![CDATA[dir /var/folders/yr/jljyn54x2_s965_570vvdpqw0000gn/T/TestCompositeGrammars-1615276649658
]]></system-out>
    <system-err><![CDATA[antlr reports warnings from [-visitor, -o, /var/folders/yr/jljyn54x2_s965_570vvdpqw0000gn/T/TestCompositeGrammars-1615276649658, -lib, /var/folders/yr/jljyn54x2_s965_570vvdpqw0000gn/T/TestCompositeGrammars-1615276649658, -encoding, UTF-8, /var/folders/yr/jljyn54x2_s965_570vvdpqw0000gn/T/TestCompositeGrammars-1615276649658/M.g4]
Message{errorType=IMPLICIT_TOKEN_DEFINITION, args=[B], e=null, fileName='/var/folders/yr/jljyn54x2_s965_570vvdpqw0000gn/T/TestCompositeGrammars-1615276649658/M.g4', line=3, charPosition=41}
antlr reports warnings from [-visitor, -o, /var/folders/yr/jljyn54x2_s965_570vvdpqw0000gn/T/TestCompositeGrammars-1615276649658, -lib, /var/folders/yr/jljyn54x2_s965_570vvdpqw0000gn/T/TestCompositeGrammars-1615276649658, -encoding, UTF-8, /var/folders/yr/jljyn54x2_s965_570vvdpqw0000gn/T/TestCompositeGrammars-1615276649658/M.g4]
Message{errorType=IMPLICIT_TOKEN_DEFINITION, args=[B], e=null, fileName='/var/folders/yr/jljyn54x2_s965_570vvdpqw0000gn/T/TestCompositeGrammars-1615276649658/M.g4', line=3, charPosition=41}
error: Source option 6 is no longer supported. Use 7 or later.
error: Target option 6 is no longer supported. Use 7 or later.
]]></system-err>
  </testcase>
  <testcase name="testImportFileNotSearchedForInOutputDir" classname="org.antlr.v4.test.tool.TestCompositeGrammars" time="0.004"/>
  <testcase name="testHeadersPropogatedCorrectlyToImportedGrammars" classname="org.antlr.v4.test.tool.TestCompositeGrammars" time="0.007"/>
  <testcase name="testDelegatorInvokesDelegateRuleWithArgs" classname="org.antlr.v4.test.tool.TestCompositeGrammars" time="0.011">
    <failure type="java.lang.AssertionError:">java.lang.AssertionError: null
	at org.junit.Assert.fail(Assert.java:87)
	at org.junit.Assert.assertTrue(Assert.java:42)
	at org.junit.Assert.assertTrue(Assert.java:53)
	at org.antlr.v4.test.tool.BaseTest.execParser(BaseTest.java:725)
	at org.antlr.v4.test.tool.BaseTest.execParser(BaseTest.java:708)
	at org.antlr.v4.test.tool.TestCompositeGrammars.testDelegatorInvokesDelegateRuleWithArgs(TestCompositeGrammars.java:188)
</failure>
    <system-out><![CDATA[dir /var/folders/yr/jljyn54x2_s965_570vvdpqw0000gn/T/TestCompositeGrammars-1615276649680
]]></system-out>
    <system-err><![CDATA[error: Source option 6 is no longer supported. Use 7 or later.
error: Target option 6 is no longer supported. Use 7 or later.
]]></system-err>
  </testcase>
  <testcase name="testImportSelfLoop" classname="org.antlr.v4.test.tool.TestCompositeGrammars" time="0.006"/>
  <testcase name="testTokensFileInOutputDirAndImportFileInSubdir" classname="org.antlr.v4.test.tool.TestCompositeGrammars" time="0.008"/>
  <testcase name="testKeywordVSIDOrder" classname="org.antlr.v4.test.tool.TestCompositeGrammars" time="0.009">
    <failure type="java.lang.AssertionError:">java.lang.AssertionError: null
	at org.junit.Assert.fail(Assert.java:87)
	at org.junit.Assert.assertTrue(Assert.java:42)
	at org.junit.Assert.assertTrue(Assert.java:53)
	at org.antlr.v4.test.tool.BaseTest.execParser(BaseTest.java:725)
	at org.antlr.v4.test.tool.BaseTest.execParser(BaseTest.java:708)
	at org.antlr.v4.test.tool.TestCompositeGrammars.testKeywordVSIDOrder(TestCompositeGrammars.java:532)
</failure>
    <system-out><![CDATA[dir /var/folders/yr/jljyn54x2_s965_570vvdpqw0000gn/T/TestCompositeGrammars-1615276649706
]]></system-out>
    <system-err><![CDATA[error: Source option 6 is no longer supported. Use 7 or later.
error: Target option 6 is no longer supported. Use 7 or later.
]]></system-err>
  </testcase>
  <testcase name="testDelegatesSeeSameTokenType" classname="org.antlr.v4.test.tool.TestCompositeGrammars" time="0.011">
    <failure type="java.lang.AssertionError:">java.lang.AssertionError: null
	at org.junit.Assert.fail(Assert.java:87)
	at org.junit.Assert.assertTrue(Assert.java:42)
	at org.junit.Assert.assertTrue(Assert.java:53)
	at org.antlr.v4.test.tool.BaseTest.execParser(BaseTest.java:725)
	at org.antlr.v4.test.tool.BaseTest.execParser(BaseTest.java:708)
	at org.antlr.v4.test.tool.TestCompositeGrammars.testDelegatesSeeSameTokenType(TestCompositeGrammars.java:286)
</failure>
    <system-out><![CDATA[dir /var/folders/yr/jljyn54x2_s965_570vvdpqw0000gn/T/TestCompositeGrammars-1615276649715
]]></system-out>
    <system-err><![CDATA[antlr reports warnings from [-visitor, -o, /var/folders/yr/jljyn54x2_s965_570vvdpqw0000gn/T/TestCompositeGrammars-1615276649715, -lib, /var/folders/yr/jljyn54x2_s965_570vvdpqw0000gn/T/TestCompositeGrammars-1615276649715, -encoding, UTF-8, /var/folders/yr/jljyn54x2_s965_570vvdpqw0000gn/T/TestCompositeGrammars-1615276649715/M.g4]
Message{errorType=TOKEN_NAME_REASSIGNMENT, args=[A], e=null, fileName='/var/folders/yr/jljyn54x2_s965_570vvdpqw0000gn/T/TestCompositeGrammars-1615276649715/M.g4', line=2, charPosition=9}
Message{errorType=TOKEN_NAME_REASSIGNMENT, args=[B], e=null, fileName='/var/folders/yr/jljyn54x2_s965_570vvdpqw0000gn/T/TestCompositeGrammars-1615276649715/M.g4', line=2, charPosition=12}
Message{errorType=TOKEN_NAME_REASSIGNMENT, args=[C], e=null, fileName='/var/folders/yr/jljyn54x2_s965_570vvdpqw0000gn/T/TestCompositeGrammars-1615276649715/M.g4', line=2, charPosition=15}
Message{errorType=TOKEN_NAME_REASSIGNMENT, args=[C], e=null, fileName='/var/folders/yr/jljyn54x2_s965_570vvdpqw0000gn/T/TestCompositeGrammars-1615276649715/M.g4', line=2, charPosition=9}
Message{errorType=TOKEN_NAME_REASSIGNMENT, args=[B], e=null, fileName='/var/folders/yr/jljyn54x2_s965_570vvdpqw0000gn/T/TestCompositeGrammars-1615276649715/M.g4', line=2, charPosition=12}
Message{errorType=TOKEN_NAME_REASSIGNMENT, args=[A], e=null, fileName='/var/folders/yr/jljyn54x2_s965_570vvdpqw0000gn/T/TestCompositeGrammars-1615276649715/M.g4', line=2, charPosition=15}
antlr reports warnings from [-visitor, -o, /var/folders/yr/jljyn54x2_s965_570vvdpqw0000gn/T/TestCompositeGrammars-1615276649715, -lib, /var/folders/yr/jljyn54x2_s965_570vvdpqw0000gn/T/TestCompositeGrammars-1615276649715, -encoding, UTF-8, /var/folders/yr/jljyn54x2_s965_570vvdpqw0000gn/T/TestCompositeGrammars-1615276649715/M.g4]
Message{errorType=TOKEN_NAME_REASSIGNMENT, args=[A], e=null, fileName='/var/folders/yr/jljyn54x2_s965_570vvdpqw0000gn/T/TestCompositeGrammars-1615276649715/M.g4', line=2, charPosition=9}
Message{errorType=TOKEN_NAME_REASSIGNMENT, args=[B], e=null, fileName='/var/folders/yr/jljyn54x2_s965_570vvdpqw0000gn/T/TestCompositeGrammars-1615276649715/M.g4', line=2, charPosition=12}
Message{errorType=TOKEN_NAME_REASSIGNMENT, args=[C], e=null, fileName='/var/folders/yr/jljyn54x2_s965_570vvdpqw0000gn/T/TestCompositeGrammars-1615276649715/M.g4', line=2, charPosition=15}
Message{errorType=TOKEN_NAME_REASSIGNMENT, args=[C], e=null, fileName='/var/folders/yr/jljyn54x2_s965_570vvdpqw0000gn/T/TestCompositeGrammars-1615276649715/M.g4', line=2, charPosition=9}
Message{errorType=TOKEN_NAME_REASSIGNMENT, args=[B], e=null, fileName='/var/folders/yr/jljyn54x2_s965_570vvdpqw0000gn/T/TestCompositeGrammars-1615276649715/M.g4', line=2, charPosition=12}
Message{errorType=TOKEN_NAME_REASSIGNMENT, args=[A], e=null, fileName='/var/folders/yr/jljyn54x2_s965_570vvdpqw0000gn/T/TestCompositeGrammars-1615276649715/M.g4', line=2, charPosition=15}
error: Source option 6 is no longer supported. Use 7 or later.
error: Target option 6 is no longer supported. Use 7 or later.
]]></system-err>
  </testcase>
  <testcase name="testLexerDelegatorRuleOverridesDelegate" classname="org.antlr.v4.test.tool.TestCompositeGrammars" time="0.005">
    <failure type="java.lang.AssertionError:">java.lang.AssertionError: null
	at org.junit.Assert.fail(Assert.java:87)
	at org.junit.Assert.assertTrue(Assert.java:42)
	at org.junit.Assert.assertTrue(Assert.java:53)
	at org.antlr.v4.test.tool.BaseTest.execLexer(BaseTest.java:629)
	at org.antlr.v4.test.tool.TestCompositeGrammars.testLexerDelegatorRuleOverridesDelegate(TestCompositeGrammars.java:510)
</failure>
    <system-out><![CDATA[dir /var/folders/yr/jljyn54x2_s965_570vvdpqw0000gn/T/TestCompositeGrammars-1615276649726
]]></system-out>
    <system-err><![CDATA[error: Source option 6 is no longer supported. Use 7 or later.
error: Target option 6 is no longer supported. Use 7 or later.
]]></system-err>
  </testcase>
  <testcase name="testOutputDirShouldNotEffectImports" classname="org.antlr.v4.test.tool.TestCompositeGrammars" time="0.006"/>
  <testcase name="testSyntaxErrorsInImportsNotThrownOut" classname="org.antlr.v4.test.tool.TestCompositeGrammars" time="0.002"/>
  <testcase name="testDelegatorInvokesFirstVersionOfDelegateRule" classname="org.antlr.v4.test.tool.TestCompositeGrammars" time="0.01">
    <failure type="java.lang.AssertionError:">java.lang.AssertionError: null
	at org.junit.Assert.fail(Assert.java:87)
	at org.junit.Assert.assertTrue(Assert.java:42)
	at org.junit.Assert.assertTrue(Assert.java:53)
	at org.antlr.v4.test.tool.BaseTest.execParser(BaseTest.java:725)
	at org.antlr.v4.test.tool.BaseTest.execParser(BaseTest.java:708)
	at org.antlr.v4.test.tool.TestCompositeGrammars.testDelegatorInvokesFirstVersionOfDelegateRule(TestCompositeGrammars.java:249)
</failure>
    <system-out><![CDATA[dir /var/folders/yr/jljyn54x2_s965_570vvdpqw0000gn/T/TestCompositeGrammars-1615276649739
]]></system-out>
    <system-err><![CDATA[error: Source option 6 is no longer supported. Use 7 or later.
error: Target option 6 is no longer supported. Use 7 or later.
]]></system-err>
  </testcase>
  <testcase name="testImportedRuleWithAction" classname="org.antlr.v4.test.tool.TestCompositeGrammars" time="0.009">
    <failure type="java.lang.AssertionError:">java.lang.AssertionError: null
	at org.junit.Assert.fail(Assert.java:87)
	at org.junit.Assert.assertTrue(Assert.java:42)
	at org.junit.Assert.assertTrue(Assert.java:53)
	at org.antlr.v4.test.tool.BaseTest.execParser(BaseTest.java:725)
	at org.antlr.v4.test.tool.BaseTest.execParser(BaseTest.java:708)
	at org.antlr.v4.test.tool.TestCompositeGrammars.testImportedRuleWithAction(TestCompositeGrammars.java:761)
</failure>
    <system-out><![CDATA[dir /var/folders/yr/jljyn54x2_s965_570vvdpqw0000gn/T/TestCompositeGrammars-1615276649749
]]></system-out>
    <system-err><![CDATA[error: Source option 6 is no longer supported. Use 7 or later.
error: Target option 6 is no longer supported. Use 7 or later.
]]></system-err>
  </testcase>
  <testcase name="testDelegatorInvokesDelegateRuleWithReturnStruct" classname="org.antlr.v4.test.tool.TestCompositeGrammars" time="0.01">
    <failure type="java.lang.AssertionError:">java.lang.AssertionError: null
	at org.junit.Assert.fail(Assert.java:87)
	at org.junit.Assert.assertTrue(Assert.java:42)
	at org.junit.Assert.assertTrue(Assert.java:53)
	at org.antlr.v4.test.tool.BaseTest.execParser(BaseTest.java:725)
	at org.antlr.v4.test.tool.BaseTest.execParser(BaseTest.java:708)
	at org.antlr.v4.test.tool.TestCompositeGrammars.testDelegatorInvokesDelegateRuleWithReturnStruct(TestCompositeGrammars.java:208)
</failure>
    <system-out><![CDATA[dir /var/folders/yr/jljyn54x2_s965_570vvdpqw0000gn/T/TestCompositeGrammars-1615276649758
]]></system-out>
    <system-err><![CDATA[error: Source option 6 is no longer supported. Use 7 or later.
error: Target option 6 is no longer supported. Use 7 or later.
]]></system-err>
  </testcase>
  <testcase name="testImportLargeGrammar" classname="org.antlr.v4.test.tool.TestCompositeGrammars" time="0.197">
    <failure type="java.lang.AssertionError:">java.lang.AssertionError: null
	at org.junit.Assert.fail(Assert.java:87)
	at org.junit.Assert.assertTrue(Assert.java:42)
	at org.junit.Assert.assertTrue(Assert.java:53)
	at org.antlr.v4.test.tool.BaseTest.execParser(BaseTest.java:725)
	at org.antlr.v4.test.tool.BaseTest.execParser(BaseTest.java:708)
	at org.antlr.v4.test.tool.TestCompositeGrammars.testImportLargeGrammar(TestCompositeGrammars.java:828)
</failure>
    <system-out><![CDATA[dir /var/folders/yr/jljyn54x2_s965_570vvdpqw0000gn/T/TestCompositeGrammars-1615276649768
dir /var/folders/yr/jljyn54x2_s965_570vvdpqw0000gn/T/TestCompositeGrammars-1615276649768
]]></system-out>
    <system-err><![CDATA[error: Source option 6 is no longer supported. Use 7 or later.
error: Target option 6 is no longer supported. Use 7 or later.
]]></system-err>
  </testcase>
  <testcase name="testDelegatorInvokesDelegateRule" classname="org.antlr.v4.test.tool.TestCompositeGrammars" time="0.007">
    <failure type="java.lang.AssertionError:">java.lang.AssertionError: null
	at org.junit.Assert.fail(Assert.java:87)
	at org.junit.Assert.assertTrue(Assert.java:42)
	at org.junit.Assert.assertTrue(Assert.java:53)
	at org.antlr.v4.test.tool.BaseTest.execParser(BaseTest.java:725)
	at org.antlr.v4.test.tool.BaseTest.execParser(BaseTest.java:708)
	at org.antlr.v4.test.tool.TestCompositeGrammars.testDelegatorInvokesDelegateRule(TestCompositeGrammars.java:152)
</failure>
    <system-out><![CDATA[dir /var/folders/yr/jljyn54x2_s965_570vvdpqw0000gn/T/TestCompositeGrammars-1615276649965
]]></system-out>
    <system-err><![CDATA[error: Source option 6 is no longer supported. Use 7 or later.
error: Target option 6 is no longer supported. Use 7 or later.
]]></system-err>
  </testcase>
  <testcase name="test3LevelImport" classname="org.antlr.v4.test.tool.TestCompositeGrammars" time="0.007">
    <failure message="expected:&lt;true&gt; but was:&lt;false&gt;" type="java.lang.AssertionError"><![CDATA[java.lang.AssertionError: expected:<true> but was:<false>
	at org.junit.Assert.fail(Assert.java:89)
	at org.junit.Assert.failNotEquals(Assert.java:835)
	at org.junit.Assert.assertEquals(Assert.java:120)
	at org.junit.Assert.assertEquals(Assert.java:146)
	at org.antlr.v4.test.tool.TestCompositeGrammars.test3LevelImport(TestCompositeGrammars.java:579)
]]></failure>
    <system-out><![CDATA[dir /var/folders/yr/jljyn54x2_s965_570vvdpqw0000gn/T/TestCompositeGrammars-1615276649972
]]></system-out>
    <system-err><![CDATA[antlr reports warnings from [-o, /var/folders/yr/jljyn54x2_s965_570vvdpqw0000gn/T/TestCompositeGrammars-1615276649972, -lib, /var/folders/yr/jljyn54x2_s965_570vvdpqw0000gn/T/TestCompositeGrammars-1615276649972, -encoding, UTF-8, /var/folders/yr/jljyn54x2_s965_570vvdpqw0000gn/T/TestCompositeGrammars-1615276649972/M.g4]
Message{errorType=IMPLICIT_TOKEN_DEFINITION, args=[M], e=null, fileName='/var/folders/yr/jljyn54x2_s965_570vvdpqw0000gn/T/TestCompositeGrammars-1615276649972/M.g4', line=3, charPosition=4}
antlr reports warnings from [-o, /var/folders/yr/jljyn54x2_s965_570vvdpqw0000gn/T/TestCompositeGrammars-1615276649972, -lib, /var/folders/yr/jljyn54x2_s965_570vvdpqw0000gn/T/TestCompositeGrammars-1615276649972, -encoding, UTF-8, /var/folders/yr/jljyn54x2_s965_570vvdpqw0000gn/T/TestCompositeGrammars-1615276649972/M.g4]
Message{errorType=IMPLICIT_TOKEN_DEFINITION, args=[M], e=null, fileName='/var/folders/yr/jljyn54x2_s965_570vvdpqw0000gn/T/TestCompositeGrammars-1615276649972/M.g4', line=3, charPosition=4}
error: Source option 6 is no longer supported. Use 7 or later.
error: Target option 6 is no longer supported. Use 7 or later.
]]></system-err>
  </testcase>
</testsuite>