<?xml version="1.0" encoding="UTF-8"?>
<testsuite name="org.antlr.v4.test.runtime.TestPerformance" time="0.219" tests="7" errors="0" skipped="0" failures="7">
  <properties>
[...]
</properties>
  <testcase name="testExpressionGrammar_1" classname="org.antlr.v4.test.runtime.TestPerformance" time="0">
    <failure type="java.lang.AssertionError:">java.lang.AssertionError: null
	at org.junit.Assert.fail(Assert.java:87)
	at org.junit.Assert.assertTrue(Assert.java:42)
	at org.junit.Assert.assertTrue(Assert.java:53)
	at org.antlr.v4.test.tool.BaseTest.execParser(BaseTest.java:725)
	at org.antlr.v4.test.tool.BaseTest.execParser(BaseTest.java:708)
	at org.antlr.v4.test.runtime.TestPerformance.testExpressionGrammar_1(TestPerformance.java:294)
</failure>
    <system-out><![CDATA[dir /var/folders/yr/jljyn54x2_s965_570vvdpqw0000gn/T/TestPerformance-1615276641791
]]></system-out>
    <system-err><![CDATA[error: Source option 6 is no longer supported. Use 7 or later.
error: Target option 6 is no longer supported. Use 7 or later.
]]></system-err>
  </testcase>
  <testcase name="testExpressionGrammar_2" classname="org.antlr.v4.test.runtime.TestPerformance" time="0.061">
    <failure type="java.lang.AssertionError:">java.lang.AssertionError: null
	at org.junit.Assert.fail(Assert.java:87)
	at org.junit.Assert.assertTrue(Assert.java:42)
	at org.junit.Assert.assertTrue(Assert.java:53)
	at org.antlr.v4.test.tool.BaseTest.execParser(BaseTest.java:725)
	at org.antlr.v4.test.tool.BaseTest.execParser(BaseTest.java:708)
	at org.antlr.v4.test.runtime.TestPerformance.testExpressionGrammar_2(TestPerformance.java:453)
</failure>
    <system-out><![CDATA[dir /var/folders/yr/jljyn54x2_s965_570vvdpqw0000gn/T/TestPerformance-1615276641840
]]></system-out>
    <system-err><![CDATA[error: Source option 6 is no longer supported. Use 7 or later.
error: Target option 6 is no longer supported. Use 7 or later.
]]></system-err>
  </testcase>
  <testcase name="testDropLoopEntryBranchInLRRule_1" classname="org.antlr.v4.test.runtime.TestPerformance" time="0.03">
    <failure type="java.lang.AssertionError:">java.lang.AssertionError: null
	at org.junit.Assert.fail(Assert.java:87)
	at org.junit.Assert.assertTrue(Assert.java:42)
	at org.junit.Assert.assertTrue(Assert.java:53)
	at org.antlr.v4.test.tool.BaseTest.execParser(BaseTest.java:725)
	at org.antlr.v4.test.tool.BaseTest.execParser(BaseTest.java:708)
	at org.antlr.v4.test.runtime.TestPerformance.testDropLoopEntryBranchInLRRule_1(TestPerformance.java:47)
</failure>
    <system-out><![CDATA[dir /var/folders/yr/jljyn54x2_s965_570vvdpqw0000gn/T/TestPerformance-1615276641903
]]></system-out>
    <system-err><![CDATA[error: Source option 6 is no longer supported. Use 7 or later.
error: Target option 6 is no longer supported. Use 7 or later.
]]></system-err>
  </testcase>
  <testcase name="testDropLoopEntryBranchInLRRule_2" classname="org.antlr.v4.test.runtime.TestPerformance" time="0.033">
    <failure type="java.lang.AssertionError:">java.lang.AssertionError: null
	at org.junit.Assert.fail(Assert.java:87)
	at org.junit.Assert.assertTrue(Assert.java:42)
	at org.junit.Assert.assertTrue(Assert.java:53)
	at org.antlr.v4.test.tool.BaseTest.execParser(BaseTest.java:725)
	at org.antlr.v4.test.tool.BaseTest.execParser(BaseTest.java:708)
	at org.antlr.v4.test.runtime.TestPerformance.testDropLoopEntryBranchInLRRule_2(TestPerformance.java:88)
</failure>
    <system-out><![CDATA[dir /var/folders/yr/jljyn54x2_s965_570vvdpqw0000gn/T/TestPerformance-1615276641933
]]></system-out>
    <system-err><![CDATA[error: Source option 6 is no longer supported. Use 7 or later.
error: Target option 6 is no longer supported. Use 7 or later.
]]></system-err>
  </testcase>
  <testcase name="testDropLoopEntryBranchInLRRule_3" classname="org.antlr.v4.test.runtime.TestPerformance" time="0.033">
    <failure type="java.lang.AssertionError:">java.lang.AssertionError: null
	at org.junit.Assert.fail(Assert.java:87)
	at org.junit.Assert.assertTrue(Assert.java:42)
	at org.junit.Assert.assertTrue(Assert.java:53)
	at org.antlr.v4.test.tool.BaseTest.execParser(BaseTest.java:725)
	at org.antlr.v4.test.tool.BaseTest.execParser(BaseTest.java:708)
	at org.antlr.v4.test.runtime.TestPerformance.testDropLoopEntryBranchInLRRule_3(TestPerformance.java:140)
</failure>
    <system-out><![CDATA[dir /var/folders/yr/jljyn54x2_s965_570vvdpqw0000gn/T/TestPerformance-1615276641966
]]></system-out>
    <system-err><![CDATA[error: Source option 6 is no longer supported. Use 7 or later.
error: Target option 6 is no longer supported. Use 7 or later.
]]></system-err>
  </testcase>
  <testcase name="testDropLoopEntryBranchInLRRule_4" classname="org.antlr.v4.test.runtime.TestPerformance" time="0.033">
    <failure type="java.lang.AssertionError:">java.lang.AssertionError: null
	at org.junit.Assert.fail(Assert.java:87)
	at org.junit.Assert.assertTrue(Assert.java:42)
	at org.junit.Assert.assertTrue(Assert.java:53)
	at org.antlr.v4.test.tool.BaseTest.execParser(BaseTest.java:725)
	at org.antlr.v4.test.tool.BaseTest.execParser(BaseTest.java:708)
	at org.antlr.v4.test.runtime.TestPerformance.testDropLoopEntryBranchInLRRule_4(TestPerformance.java:189)
</failure>
    <system-out><![CDATA[dir /var/folders/yr/jljyn54x2_s965_570vvdpqw0000gn/T/TestPerformance-1615276641999
]]></system-out>
    <system-err><![CDATA[error: Source option 6 is no longer supported. Use 7 or later.
error: Target option 6 is no longer supported. Use 7 or later.
]]></system-err>
  </testcase>
  <testcase name="testDropLoopEntryBranchInLRRule_5" classname="org.antlr.v4.test.runtime.TestPerformance" time="0.029">
    <failure type="java.lang.AssertionError:">java.lang.AssertionError: null
	at org.junit.Assert.fail(Assert.java:87)
	at org.junit.Assert.assertTrue(Assert.java:42)
	at org.junit.Assert.assertTrue(Assert.java:53)
	at org.antlr.v4.test.tool.BaseTest.execParser(BaseTest.java:725)
	at org.antlr.v4.test.tool.BaseTest.execParser(BaseTest.java:708)
	at org.antlr.v4.test.runtime.TestPerformance.testDropLoopEntryBranchInLRRule_5(TestPerformance.java:252)
</failure>
    <system-out><![CDATA[dir /var/folders/yr/jljyn54x2_s965_570vvdpqw0000gn/T/TestPerformance-1615276642032
]]></system-out>
    <system-err><![CDATA[error: Source option 6 is no longer supported. Use 7 or later.
error: Target option 6 is no longer supported. Use 7 or later.
]]></system-err>
  </testcase>
</testsuite>