<?xml version="1.0" encoding="UTF-8"?>
<testsuite name="org.antlr.v4.test.tool.TestPerformance" time="0.501" tests="2" errors="0" skipped="0" failures="1">
  <properties>
[...]
</properties>
  <testcase name="testExponentialInclude" classname="org.antlr.v4.test.tool.TestPerformance" time="0.5"/>
  <testcase name="compileJdk" classname="org.antlr.v4.test.tool.TestPerformance" time="0.001">
    <failure message="The JDK_SOURCE_ROOT environment variable must be set for performance testing." type="java.lang.AssertionError">java.lang.AssertionError: The JDK_SOURCE_ROOT environment variable must be set for performance testing.
	at org.junit.Assert.fail(Assert.java:89)
	at org.junit.Assert.assertTrue(Assert.java:42)
	at org.antlr.v4.test.tool.TestPerformance.compileJdk(TestPerformance.java:430)
</failure>
  </testcase>
</testsuite>